{"meta": {"format": 3, "version": "7.12.0", "timestamp": "2025-11-26T21:52:06.926396", "branch_coverage": false, "show_contexts": false}, "files": {"mtgjson5/__init__.py": {"executed_lines": [1], "summary": {"covered_lines": 0, "num_statements": 0, "percent_covered": 100.0, "percent_covered_display": "100", "missing_lines": 0, "excluded_lines": 0, "percent_statements_covered": 100.0, "percent_statements_covered_display": "100"}, "missing_lines": [], "excluded_lines": [], "functions": {"": {"executed_lines": [1], "summary": {"covered_lines": 0, "num_statements": 0, "percent_covered": 100.0, "percent_covered_display": "100", "missing_lines": 0, "excluded_lines": 0, "percent_statements_covered": 100.0, "percent_statements_covered_display": "100"}, "missing_lines": [], "excluded_lines": []}}, "classes": {"": {"executed_lines": [1], "summary": {"covered_lines": 0, "num_statements": 0, "percent_covered": 100.0, "percent_covered_display": "100", "missing_lines": 0, "excluded_lines": 0, "percent_statements_covered": 100.0, "percent_statements_covered_display": "100"}, "missing_lines": [], "excluded_lines": []}}}, "mtgjson5/__main__.py": {"executed_lines": [], "summary": {"covered_lines": 0, "num_statements": 83, "percent_covered": 0.0, "percent_covered_display": "0", "missing_lines": 83, "excluded_lines": 0, "percent_statements_covered": 0.0, "percent_statements_covered_display": "0"}, "missing_lines": [5, 7, 9, 10, 11, 12, 14, 16, 17, 19, 21, 22, 25, 36, 37, 38, 42, 44, 47, 48, 50, 52, 53, 54, 57, 58, 61, 67, 68, 71, 76, 77, 83, 86, 90, 91, 92, 93, 98, 99, 102, 103, 104, 105, 106, 107, 109, 110, 111, 112, 113, 114, 115, 117, 118, 119, 121, 122, 123, 125, 126, 131, 135, 136, 137, 139, 140, 141, 143, 144, 146, 150, 151, 152, 153, 154, 155, 156, 157, 158, 159, 162, 163], "excluded_lines": [], "functions": {"build_mtgjson_sets": {"executed_lines": [], "summary": {"covered_lines": 0, "num_statements": 16, "percent_covered": 0.0, "percent_covered_display": "0", "missing_lines": 16, "excluded_lines": 0, "percent_statements_covered": 0.0, "percent_statements_covered_display": "0"}, "missing_lines": [36, 37, 38, 42, 44, 47, 48, 50, 52, 53, 54, 57, 58, 61, 67, 68], "excluded_lines": []}, "validate_config_file_in_place": {"executed_lines": [], "summary": {"covered_lines": 0, "num_statements": 3, "percent_covered": 0.0, "percent_covered_display": "0", "missing_lines": 3, "excluded_lines": 0, "percent_statements_covered": 0.0, "percent_statements_covered_display": "0"}, "missing_lines": [76, 77, 83], "excluded_lines": []}, "dispatcher": {"executed_lines": [], "summary": {"covered_lines": 0, "num_statements": 27, "percent_covered": 0.0, "percent_covered_display": "0", "missing_lines": 27, "excluded_lines": 0, "percent_statements_covered": 0.0, "percent_statements_covered_display": "0"}, "missing_lines": [90, 91, 92, 93, 98, 99, 102, 103, 104, 105, 106, 107, 109, 110, 111, 112, 113, 114, 115, 117, 118, 119, 121, 122, 123, 125, 126], "excluded_lines": []}, "main": {"executed_lines": [], "summary": {"covered_lines": 0, "num_statements": 19, "percent_covered": 0.0, "percent_covered_display": "0", "missing_lines": 19, "excluded_lines": 0, "percent_statements_covered": 0.0, "percent_statements_covered_display": "0"}, "missing_lines": [135, 136, 137, 139, 140, 141, 143, 144, 146, 150, 151, 152, 153, 154, 155, 156, 157, 158, 159], "excluded_lines": []}, "": {"executed_lines": [], "summary": {"covered_lines": 0, "num_statements": 18, "percent_covered": 0.0, "percent_covered_display": "0", "missing_lines": 18, "excluded_lines": 0, "percent_statements_covered": 0.0, "percent_statements_covered_display": "0"}, "missing_lines": [5, 7, 9, 10, 11, 12, 14, 16, 17, 19, 21, 22, 25, 71, 86, 131, 162, 163], "excluded_lines": []}}, "classes": {"": {"executed_lines": [], "summary": {"covered_lines": 0, "num_statements": 83, "percent_covered": 0.0, "percent_covered_display": "0", "missing_lines": 83, "excluded_lines": 0, "percent_statements_covered": 0.0, "percent_statements_covered_display": "0"}, "missing_lines": [5, 7, 9, 10, 11, 12, 14, 16, 17, 19, 21, 22, 25, 36, 37, 38, 42, 44, 47, 48, 50, 52, 53, 54, 57, 58, 61, 67, 68, 71, 76, 77, 83, 86, 90, 91, 92, 93, 98, 99, 102, 103, 104, 105, 106, 107, 109, 110, 111, 112, 113, 114, 115, 117, 118, 119, 121, 122, 123, 125, 126, 131, 135, 136, 137, 139, 140, 141, 143, 144, 146, 150, 151, 152, 153, 154, 155, 156, 157, 158, 159, 162, 163], "excluded_lines": []}}}, "mtgjson5/arg_parser.py": {"executed_lines": [], "summary": {"covered_lines": 0, "num_statements": 41, "percent_covered": 0.0, "percent_covered_display": "0", "missing_lines": 41, "excluded_lines": 0, "percent_statements_covered": 0.0, "percent_statements_covered_display": "0"}, "missing_lines": [5, 6, 7, 8, 10, 13, 19, 21, 28, 29, 38, 45, 51, 57, 63, 69, 79, 80, 86, 92, 98, 104, 112, 113, 114, 116, 118, 119, 120, 121, 122, 123, 124, 125, 126, 129, 130, 131, 132, 133, 135], "excluded_lines": [], "functions": {"parse_args": {"executed_lines": [], "summary": {"covered_lines": 0, "num_statements": 35, "percent_covered": 0.0, "percent_covered_display": "0", "missing_lines": 35, "excluded_lines": 0, "percent_statements_covered": 0.0, "percent_statements_covered_display": "0"}, "missing_lines": [19, 21, 28, 29, 38, 45, 51, 57, 63, 69, 79, 80, 86, 92, 98, 104, 112, 113, 114, 116, 118, 119, 120, 121, 122, 123, 124, 125, 126, 129, 130, 131, 132, 133, 135], "excluded_lines": []}, "": {"executed_lines": [], "summary": {"covered_lines": 0, "num_statements": 6, "percent_covered": 0.0, "percent_covered_display": "0", "missing_lines": 6, "excluded_lines": 0, "percent_statements_covered": 0.0, "percent_statements_covered_display": "0"}, "missing_lines": [5, 6, 7, 8, 10, 13], "excluded_lines": []}}, "classes": {"": {"executed_lines": [], "summary": {"covered_lines": 0, "num_statements": 41, "percent_covered": 0.0, "percent_covered_display": "0", "missing_lines": 41, "excluded_lines": 0, "percent_statements_covered": 0.0, "percent_statements_covered_display": "0"}, "missing_lines": [5, 6, 7, 8, 10, 13, 19, 21, 28, 29, 38, 45, 51, 57, 63, 69, 79, 80, 86, 92, 98, 104, 112, 113, 114, 116, 118, 119, 120, 121, 122, 123, 124, 125, 126, 129, 130, 131, 132, 133, 135], "excluded_lines": []}}}, "mtgjson5/classes/__init__.py": {"executed_lines": [1, 5, 6, 7, 8, 9, 10, 11, 12, 13, 14, 15, 16, 17, 18, 23, 24], "summary": {"covered_lines": 16, "num_statements": 16, "percent_covered": 100.0, "percent_covered_display": "100", "missing_lines": 0, "excluded_lines": 0, "percent_statements_covered": 100.0, "percent_statements_covered_display": "100"}, "missing_lines": [], "excluded_lines": [], "functions": {"": {"executed_lines": [1, 5, 6, 7, 8, 9, 10, 11, 12, 13, 14, 15, 16, 17, 18, 23, 24], "summary": {"covered_lines": 16, "num_statements": 16, "percent_covered": 100.0, "percent_covered_display": "100", "missing_lines": 0, "excluded_lines": 0, "percent_statements_covered": 100.0, "percent_statements_covered_display": "100"}, "missing_lines": [], "excluded_lines": []}}, "classes": {"": {"executed_lines": [1, 5, 6, 7, 8, 9, 10, 11, 12, 13, 14, 15, 16, 17, 18, 23, 24], "summary": {"covered_lines": 16, "num_statements": 16, "percent_covered": 100.0, "percent_covered_display": "100", "missing_lines": 0, "excluded_lines": 0, "percent_statements_covered": 100.0, "percent_statements_covered_display": "100"}, "missing_lines": [], "excluded_lines": []}}}, "mtgjson5/classes/json_object.py": {"executed_lines": [1, 5, 6, 8, 11, 12, 16, 21, 23, 28, 30], "summary": {"covered_lines": 9, "num_statements": 9, "percent_covered": 100.0, "percent_covered_display": "100", "missing_lines": 0, "excluded_lines": 0, "percent_statements_covered": 100.0, "percent_statements_covered_display": "100"}, "missing_lines": [], "excluded_lines": [], "functions": {"JsonObject.build_keys_to_skip": {"executed_lines": [21], "summary": {"covered_lines": 1, "num_statements": 1, "percent_covered": 100.0, "percent_covered_display": "100", "missing_lines": 0, "excluded_lines": 0, "percent_statements_covered": 100.0, "percent_statements_covered_display": "100"}, "missing_lines": [], "excluded_lines": []}, "JsonObject.to_json": {"executed_lines": [28, 30], "summary": {"covered_lines": 2, "num_statements": 2, "percent_covered": 100.0, "percent_covered_display": "100", "missing_lines": 0, "excluded_lines": 0, "percent_statements_covered": 100.0, "percent_statements_covered_display": "100"}, "missing_lines": [], "excluded_lines": []}, "": {"executed_lines": [1, 5, 6, 8, 11, 12, 16, 23], "summary": {"covered_lines": 6, "num_statements": 6, "percent_covered": 100.0, "percent_covered_display": "100", "missing_lines": 0, "excluded_lines": 0, "percent_statements_covered": 100.0, "percent_statements_covered_display": "100"}, "missing_lines": [], "excluded_lines": []}}, "classes": {"JsonObject": {"executed_lines": [21, 28, 30], "summary": {"covered_lines": 3, "num_statements": 3, "percent_covered": 100.0, "percent_covered_display": "100", "missing_lines": 0, "excluded_lines": 0, "percent_statements_covered": 100.0, "percent_statements_covered_display": "100"}, "missing_lines": [], "excluded_lines": []}, "": {"executed_lines": [1, 5, 6, 8, 11, 12, 16, 23], "summary": {"covered_lines": 6, "num_statements": 6, "percent_covered": 100.0, "percent_covered_display": "100", "missing_lines": 0, "excluded_lines": 0, "percent_statements_covered": 100.0, "percent_statements_covered_display": "100"}, "missing_lines": [], "excluded_lines": []}}}, "mtgjson5/classes/mtgjson_card.py": {"executed_lines": [1, 5, 6, 8, 9, 10, 11, 12, 13, 14, 15, 16, 17, 18, 21, 22, 26, 27, 28, 29, 30, 31, 32, 33, 34, 35, 36, 37, 38, 39, 40, 41, 42, 43, 44, 45, 46, 47, 48, 49, 50, 51, 52, 53, 54, 55, 56, 57, 58, 59, 60, 61, 62, 63, 64, 65, 66, 67, 68, 69, 70, 71, 72, 73, 74, 75, 76, 77, 78, 79, 80, 81, 82, 83, 84, 85, 86, 87, 88, 89, 90, 91, 92, 93, 94, 95, 96, 97, 98, 99, 100, 101, 102, 103, 104, 105, 106, 107, 108, 109, 110, 111, 112, 113, 114, 115, 116, 117, 118, 119, 120, 123, 124, 125, 126, 127, 128, 130, 146, 159, 161, 203, 207, 208, 209, 210, 211, 212, 213, 214, 215, 216, 217, 218, 219, 220, 222, 234, 242, 243, 245, 248, 249, 251, 252, 254, 255, 256, 257, 259, 261, 262, 263, 264, 266, 267, 268, 269, 271, 272, 273, 274, 276, 277, 278, 281, 283, 290, 292, 297, 299, 304, 306, 311, 313, 318, 319, 321, 323, 332, 333, 349, 357], "summary": {"covered_lines": 181, "num_statements": 204, "percent_covered": 88.72549019607843, "percent_covered_display": "89", "missing_lines": 23, "excluded_lines": 0, "percent_statements_covered": 88.72549019607843, "percent_statements_covered_display": "89"}, "missing_lines": [230, 246, 258, 279, 335, 336, 339, 341, 342, 343, 344, 345, 347, 355, 362, 363, 365, 367, 369, 370, 371, 372, 374], "excluded_lines": [], "functions": {"MtgjsonCardObject.__init__": {"executed_lines": [207, 208, 209, 210, 211, 212, 213, 214, 215, 216, 217, 218, 219, 220], "summary": {"covered_lines": 14, "num_statements": 14, "percent_covered": 100.0, "percent_covered_display": "100", "missing_lines": 0, "excluded_lines": 0, "percent_statements_covered": 100.0, "percent_statements_covered_display": "100"}, "missing_lines": [], "excluded_lines": []}, "MtgjsonCardObject.__eq__": {"executed_lines": [], "summary": {"covered_lines": 0, "num_statements": 1, "percent_covered": 0.0, "percent_covered_display": "0", "missing_lines": 1, "excluded_lines": 0, "percent_statements_covered": 0.0, "percent_statements_covered_display": "0"}, "missing_lines": [230], "excluded_lines": []}, "MtgjsonCardObject.__lt__": {"executed_lines": [242, 243, 245, 248, 249, 251, 252, 254, 255, 256, 257, 259, 261, 262, 263, 264, 266, 267, 268, 269, 271, 272, 273, 274, 276, 277, 278, 281], "summary": {"covered_lines": 28, "num_statements": 31, "percent_covered": 90.3225806451613, "percent_covered_display": "90", "missing_lines": 3, "excluded_lines": 0, "percent_statements_covered": 90.3225806451613, "percent_statements_covered_display": "90"}, "missing_lines": [246, 258, 279], "excluded_lines": []}, "MtgjsonCardObject.set_illustration_ids": {"executed_lines": [290], "summary": {"covered_lines": 1, "num_statements": 1, "percent_covered": 100.0, "percent_covered_display": "100", "missing_lines": 0, "excluded_lines": 0, "percent_statements_covered": 100.0, "percent_statements_covered_display": "100"}, "missing_lines": [], "excluded_lines": []}, "MtgjsonCardObject.get_illustration_ids": {"executed_lines": [297], "summary": {"covered_lines": 1, "num_statements": 1, "percent_covered": 100.0, "percent_covered_display": "100", "missing_lines": 0, "excluded_lines": 0, "percent_statements_covered": 100.0, "percent_statements_covered_display": "100"}, "missing_lines": [], "excluded_lines": []}, "MtgjsonCardObject.get_names": {"executed_lines": [304], "summary": {"covered_lines": 1, "num_statements": 1, "percent_covered": 100.0, "percent_covered_display": "100", "missing_lines": 0, "excluded_lines": 0, "percent_statements_covered": 100.0, "percent_statements_covered_display": "100"}, "missing_lines": [], "excluded_lines": []}, "MtgjsonCardObject.set_names": {"executed_lines": [311], "summary": {"covered_lines": 1, "num_statements": 1, "percent_covered": 100.0, "percent_covered_display": "100", "missing_lines": 0, "excluded_lines": 0, "percent_statements_covered": 100.0, "percent_statements_covered_display": "100"}, "missing_lines": [], "excluded_lines": []}, "MtgjsonCardObject.append_names": {"executed_lines": [318, 319, 321], "summary": {"covered_lines": 3, "num_statements": 3, "percent_covered": 100.0, "percent_covered_display": "100", "missing_lines": 0, "excluded_lines": 0, "percent_statements_covered": 100.0, "percent_statements_covered_display": "100"}, "missing_lines": [], "excluded_lines": []}, "MtgjsonCardObject.set_watermark": {"executed_lines": [332, 333], "summary": {"covered_lines": 2, "num_statements": 11, "percent_covered": 18.181818181818183, "percent_covered_display": "18", "missing_lines": 9, "excluded_lines": 0, "percent_statements_covered": 18.181818181818183, "percent_statements_covered_display": "18"}, "missing_lines": [335, 336, 339, 341, 342, 343, 344, 345, 347], "excluded_lines": []}, "MtgjsonCardObject.get_atomic_keys": {"executed_lines": [], "summary": {"covered_lines": 0, "num_statements": 1, "percent_covered": 0.0, "percent_covered_display": "0", "missing_lines": 1, "excluded_lines": 0, "percent_statements_covered": 0.0, "percent_statements_covered_display": "0"}, "missing_lines": [355], "excluded_lines": []}, "MtgjsonCardObject.build_keys_to_skip": {"executed_lines": [], "summary": {"covered_lines": 0, "num_statements": 9, "percent_covered": 0.0, "percent_covered_display": "0", "missing_lines": 9, "excluded_lines": 0, "percent_statements_covered": 0.0, "percent_statements_covered_display": "0"}, "missing_lines": [362, 363, 365, 367, 369, 370, 371, 372, 374], "excluded_lines": []}, "": {"executed_lines": [1, 5, 6, 8, 9, 10, 11, 12, 13, 14, 15, 16, 17, 18, 21, 22, 26, 27, 28, 29, 30, 31, 32, 33, 34, 35, 36, 37, 38, 39, 40, 41, 42, 43, 44, 45, 46, 47, 48, 49, 50, 51, 52, 53, 54, 55, 56, 57, 58, 59, 60, 61, 62, 63, 64, 65, 66, 67, 68, 69, 70, 71, 72, 73, 74, 75, 76, 77, 78, 79, 80, 81, 82, 83, 84, 85, 86, 87, 88, 89, 90, 91, 92, 93, 94, 95, 96, 97, 98, 99, 100, 101, 102, 103, 104, 105, 106, 107, 108, 109, 110, 111, 112, 113, 114, 115, 116, 117, 118, 119, 120, 123, 124, 125, 126, 127, 128, 130, 146, 159, 161, 203, 222, 234, 283, 292, 299, 306, 313, 323, 349, 357], "summary": {"covered_lines": 130, "num_statements": 130, "percent_covered": 100.0, "percent_covered_display": "100", "missing_lines": 0, "excluded_lines": 0, "percent_statements_covered": 100.0, "percent_statements_covered_display": "100"}, "missing_lines": [], "excluded_lines": []}}, "classes": {"MtgjsonCardObject": {"executed_lines": [207, 208, 209, 210, 211, 212, 213, 214, 215, 216, 217, 218, 219, 220, 242, 243, 245, 248, 249, 251, 252, 254, 255, 256, 257, 259, 261, 262, 263, 264, 266, 267, 268, 269, 271, 272, 273, 274, 276, 277, 278, 281, 290, 297, 304, 311, 318, 319, 321, 332, 333], "summary": {"covered_lines": 51, "num_statements": 74, "percent_covered": 68.91891891891892, "percent_covered_display": "69", "missing_lines": 23, "excluded_lines": 0, "percent_statements_covered": 68.91891891891892, "percent_statements_covered_display": "69"}, "missing_lines": [230, 246, 258, 279, 335, 336, 339, 341, 342, 343, 344, 345, 347, 355, 362, 363, 365, 367, 369, 370, 371, 372, 374], "excluded_lines": []}, "": {"executed_lines": [1, 5, 6, 8, 9, 10, 11, 12, 13, 14, 15, 16, 17, 18, 21, 22, 26, 27, 28, 29, 30, 31, 32, 33, 34, 35, 36, 37, 38, 39, 40, 41, 42, 43, 44, 45, 46, 47, 48, 49, 50, 51, 52, 53, 54, 55, 56, 57, 58, 59, 60, 61, 62, 63, 64, 65, 66, 67, 68, 69, 70, 71, 72, 73, 74, 75, 76, 77, 78, 79, 80, 81, 82, 83, 84, 85, 86, 87, 88, 89, 90, 91, 92, 93, 94, 95, 96, 97, 98, 99, 100, 101, 102, 103, 104, 105, 106, 107, 108, 109, 110, 111, 112, 113, 114, 115, 116, 117, 118, 119, 120, 123, 124, 125, 126, 127, 128, 130, 146, 159, 161, 203, 222, 234, 283, 292, 299, 306, 313, 323, 349, 357], "summary": {"covered_lines": 130, "num_statements": 130, "percent_covered": 100.0, "percent_covered_display": "100", "missing_lines": 0, "excluded_lines": 0, "percent_statements_covered": 100.0, "percent_statements_covered_display": "100"}, "missing_lines": [], "excluded_lines": []}}}, "mtgjson5/classes/mtgjson_deck.py": {"executed_lines": [1, 5, 6, 8, 9, 10, 13, 14, 18, 19, 20, 21, 22, 23, 24, 26, 27, 28, 29, 30, 31, 32, 34, 36, 52, 64, 78], "summary": {"covered_lines": 25, "num_statements": 46, "percent_covered": 54.34782608695652, "percent_covered_display": "54", "missing_lines": 21, "excluded_lines": 0, "percent_statements_covered": 54.34782608695652, "percent_statements_covered_display": "54"}, "missing_lines": [41, 42, 43, 44, 45, 46, 47, 48, 49, 50, 57, 58, 60, 62, 71, 72, 73, 74, 75, 76, 79], "excluded_lines": [], "functions": {"MtgjsonDeckObject.__init__": {"executed_lines": [], "summary": {"covered_lines": 0, "num_statements": 10, "percent_covered": 0.0, "percent_covered_display": "0", "missing_lines": 10, "excluded_lines": 0, "percent_statements_covered": 0.0, "percent_statements_covered_display": "0"}, "missing_lines": [41, 42, 43, 44, 45, 46, 47, 48, 49, 50], "excluded_lines": []}, "MtgjsonDeckObject.set_sanitized_name": {"executed_lines": [], "summary": {"covered_lines": 0, "num_statements": 4, "percent_covered": 0.0, "percent_covered_display": "0", "missing_lines": 4, "excluded_lines": 0, "percent_statements_covered": 0.0, "percent_statements_covered_display": "0"}, "missing_lines": [57, 58, 60, 62], "excluded_lines": []}, "MtgjsonDeckObject.add_sealed_product_uuids": {"executed_lines": [], "summary": {"covered_lines": 0, "num_statements": 6, "percent_covered": 0.0, "percent_covered_display": "0", "missing_lines": 6, "excluded_lines": 0, "percent_statements_covered": 0.0, "percent_statements_covered_display": "0"}, "missing_lines": [71, 72, 73, 74, 75, 76], "excluded_lines": []}, "MtgjsonDeckObject.build_keys_to_skip": {"executed_lines": [], "summary": {"covered_lines": 0, "num_statements": 1, "percent_covered": 0.0, "percent_covered_display": "0", "missing_lines": 1, "excluded_lines": 0, "percent_statements_covered": 0.0, "percent_statements_covered_display": "0"}, "missing_lines": [79], "excluded_lines": []}, "": {"executed_lines": [1, 5, 6, 8, 9, 10, 13, 14, 18, 19, 20, 21, 22, 23, 24, 26, 27, 28, 29, 30, 31, 32, 34, 36, 52, 64, 78], "summary": {"covered_lines": 25, "num_statements": 25, "percent_covered": 100.0, "percent_covered_display": "100", "missing_lines": 0, "excluded_lines": 0, "percent_statements_covered": 100.0, "percent_statements_covered_display": "100"}, "missing_lines": [], "excluded_lines": []}}, "classes": {"MtgjsonDeckObject": {"executed_lines": [], "summary": {"covered_lines": 0, "num_statements": 21, "percent_covered": 0.0, "percent_covered_display": "0", "missing_lines": 21, "excluded_lines": 0, "percent_statements_covered": 0.0, "percent_statements_covered_display": "0"}, "missing_lines": [41, 42, 43, 44, 45, 46, 47, 48, 49, 50, 57, 58, 60, 62, 71, 72, 73, 74, 75, 76, 79], "excluded_lines": []}, "": {"executed_lines": [1, 5, 6, 8, 9, 10, 13, 14, 18, 19, 20, 21, 22, 23, 24, 26, 27, 28, 29, 30, 31, 32, 34, 36, 52, 64, 78], "summary": {"covered_lines": 25, "num_statements": 25, "percent_covered": 100.0, "percent_covered_display": "100", "missing_lines": 0, "excluded_lines": 0, "percent_statements_covered": 100.0, "percent_statements_covered_display": "100"}, "missing_lines": [], "excluded_lines": []}}}, "mtgjson5/classes/mtgjson_deck_header.py": {"executed_lines": [1, 5, 6, 9, 10, 14, 15, 16, 17, 18, 20], "summary": {"covered_lines": 9, "num_statements": 14, "percent_covered": 64.28571428571429, "percent_covered_display": "64", "missing_lines": 5, "excluded_lines": 0, "percent_statements_covered": 64.28571428571429, "percent_statements_covered_display": "64"}, "missing_lines": [24, 25, 26, 27, 28], "excluded_lines": [], "functions": {"MtgjsonDeckHeaderObject.__init__": {"executed_lines": [], "summary": {"covered_lines": 0, "num_statements": 5, "percent_covered": 0.0, "percent_covered_display": "0", "missing_lines": 5, "excluded_lines": 0, "percent_statements_covered": 0.0, "percent_statements_covered_display": "0"}, "missing_lines": [24, 25, 26, 27, 28], "excluded_lines": []}, "": {"executed_lines": [1, 5, 6, 9, 10, 14, 15, 16, 17, 18, 20], "summary": {"covered_lines": 9, "num_statements": 9, "percent_covered": 100.0, "percent_covered_display": "100", "missing_lines": 0, "excluded_lines": 0, "percent_statements_covered": 100.0, "percent_statements_covered_display": "100"}, "missing_lines": [], "excluded_lines": []}}, "classes": {"MtgjsonDeckHeaderObject": {"executed_lines": [], "summary": {"covered_lines": 0, "num_statements": 5, "percent_covered": 0.0, "percent_covered_display": "0", "missing_lines": 5, "excluded_lines": 0, "percent_statements_covered": 0.0, "percent_statements_covered_display": "0"}, "missing_lines": [24, 25, 26, 27, 28], "excluded_lines": []}, "": {"executed_lines": [1, 5, 6, 9, 10, 14, 15, 16, 17, 18, 20], "summary": {"covered_lines": 9, "num_statements": 9, "percent_covered": 100.0, "percent_covered_display": "100", "missing_lines": 0, "excluded_lines": 0, "percent_statements_covered": 100.0, "percent_statements_covered_display": "100"}, "missing_lines": [], "excluded_lines": []}}}, "mtgjson5/classes/mtgjson_foreign_data.py": {"executed_lines": [1, 5, 7, 8, 11, 12, 16, 17, 18, 19, 20, 21, 22, 23, 24, 26, 27, 28, 29, 30, 31, 32, 33, 35, 38], "summary": {"covered_lines": 23, "num_statements": 26, "percent_covered": 88.46153846153847, "percent_covered_display": "88", "missing_lines": 3, "excluded_lines": 0, "percent_statements_covered": 88.46153846153847, "percent_statements_covered_display": "88"}, "missing_lines": [36, 39, 40], "excluded_lines": [], "functions": {"MtgjsonForeignDataObject.__init__": {"executed_lines": [27, 28, 29, 30, 31, 32, 33], "summary": {"covered_lines": 7, "num_statements": 7, "percent_covered": 100.0, "percent_covered_display": "100", "missing_lines": 0, "excluded_lines": 0, "percent_statements_covered": 100.0, "percent_statements_covered_display": "100"}, "missing_lines": [], "excluded_lines": []}, "MtgjsonForeignDataObject.build_keys_to_skip": {"executed_lines": [], "summary": {"covered_lines": 0, "num_statements": 1, "percent_covered": 0.0, "percent_covered_display": "0", "missing_lines": 1, "excluded_lines": 0, "percent_statements_covered": 0.0, "percent_statements_covered_display": "0"}, "missing_lines": [36], "excluded_lines": []}, "MtgjsonForeignDataObject.to_json": {"executed_lines": [], "summary": {"covered_lines": 0, "num_statements": 2, "percent_covered": 0.0, "percent_covered_display": "0", "missing_lines": 2, "excluded_lines": 0, "percent_statements_covered": 0.0, "percent_statements_covered_display": "0"}, "missing_lines": [39, 40], "excluded_lines": []}, "": {"executed_lines": [1, 5, 7, 8, 11, 12, 16, 17, 18, 19, 20, 21, 22, 23, 24, 26, 35, 38], "summary": {"covered_lines": 16, "num_statements": 16, "percent_covered": 100.0, "percent_covered_display": "100", "missing_lines": 0, "excluded_lines": 0, "percent_statements_covered": 100.0, "percent_statements_covered_display": "100"}, "missing_lines": [], "excluded_lines": []}}, "classes": {"MtgjsonForeignDataObject": {"executed_lines": [27, 28, 29, 30, 31, 32, 33], "summary": {"covered_lines": 7, "num_statements": 10, "percent_covered": 70.0, "percent_covered_display": "70", "missing_lines": 3, "excluded_lines": 0, "percent_statements_covered": 70.0, "percent_statements_covered_display": "70"}, "missing_lines": [36, 39, 40], "excluded_lines": []}, "": {"executed_lines": [1, 5, 7, 8, 11, 12, 16, 17, 18, 19, 20, 21, 22, 23, 24, 26, 35, 38], "summary": {"covered_lines": 16, "num_statements": 16, "percent_covered": 100.0, "percent_covered_display": "100", "missing_lines": 0, "excluded_lines": 0, "percent_statements_covered": 100.0, "percent_statements_covered_display": "100"}, "missing_lines": [], "excluded_lines": []}}}, "mtgjson5/classes/mtgjson_game_formats.py": {"executed_lines": [1, 5, 7, 10, 11, 15, 16, 17, 18, 19, 21, 26], "summary": {"covered_lines": 10, "num_statements": 12, "percent_covered": 83.33333333333333, "percent_covered_display": "83", "missing_lines": 2, "excluded_lines": 0, "percent_statements_covered": 83.33333333333333, "percent_statements_covered_display": "83"}, "missing_lines": [27, 28], "excluded_lines": [], "functions": {"MtgjsonGameFormatsObject.__init__": {"executed_lines": [], "summary": {"covered_lines": 0, "num_statements": 0, "percent_covered": 100.0, "percent_covered_display": "100", "missing_lines": 0, "excluded_lines": 0, "percent_statements_covered": 100.0, "percent_statements_covered_display": "100"}, "missing_lines": [], "excluded_lines": []}, "MtgjsonGameFormatsObject.to_json": {"executed_lines": [], "summary": {"covered_lines": 0, "num_statements": 2, "percent_covered": 0.0, "percent_covered_display": "0", "missing_lines": 2, "excluded_lines": 0, "percent_statements_covered": 0.0, "percent_statements_covered_display": "0"}, "missing_lines": [27, 28], "excluded_lines": []}, "": {"executed_lines": [1, 5, 7, 10, 11, 15, 16, 17, 18, 19, 21, 26], "summary": {"covered_lines": 10, "num_statements": 10, "percent_covered": 100.0, "percent_covered_display": "100", "missing_lines": 0, "excluded_lines": 0, "percent_statements_covered": 100.0, "percent_statements_covered_display": "100"}, "missing_lines": [], "excluded_lines": []}}, "classes": {"MtgjsonGameFormatsObject": {"executed_lines": [], "summary": {"covered_lines": 0, "num_statements": 2, "percent_covered": 0.0, "percent_covered_display": "0", "missing_lines": 2, "excluded_lines": 0, "percent_statements_covered": 0.0, "percent_statements_covered_display": "0"}, "missing_lines": [27, 28], "excluded_lines": []}, "": {"executed_lines": [1, 5, 7, 10, 11, 15, 16, 17, 18, 19, 21, 26], "summary": {"covered_lines": 10, "num_statements": 10, "percent_covered": 100.0, "percent_covered_display": "100", "missing_lines": 0, "excluded_lines": 0, "percent_statements_covered": 100.0, "percent_statements_covered_display": "100"}, "missing_lines": [], "excluded_lines": []}}}, "mtgjson5/classes/mtgjson_identifiers.py": {"executed_lines": [1, 5, 7, 10, 11, 15, 16, 17, 18, 19, 20, 21, 22, 23, 24, 25, 26, 27, 28, 29, 30, 31, 32, 33, 34, 36, 40, 41, 42, 44], "summary": {"covered_lines": 28, "num_statements": 30, "percent_covered": 93.33333333333333, "percent_covered_display": "93", "missing_lines": 2, "excluded_lines": 0, "percent_statements_covered": 93.33333333333333, "percent_statements_covered_display": "93"}, "missing_lines": [45, 46], "excluded_lines": [], "functions": {"MtgjsonIdentifiersObject.__init__": {"executed_lines": [40, 41, 42], "summary": {"covered_lines": 3, "num_statements": 3, "percent_covered": 100.0, "percent_covered_display": "100", "missing_lines": 0, "excluded_lines": 0, "percent_statements_covered": 100.0, "percent_statements_covered_display": "100"}, "missing_lines": [], "excluded_lines": []}, "MtgjsonIdentifiersObject.to_json": {"executed_lines": [], "summary": {"covered_lines": 0, "num_statements": 2, "percent_covered": 0.0, "percent_covered_display": "0", "missing_lines": 2, "excluded_lines": 0, "percent_statements_covered": 0.0, "percent_statements_covered_display": "0"}, "missing_lines": [45, 46], "excluded_lines": []}, "": {"executed_lines": [1, 5, 7, 10, 11, 15, 16, 17, 18, 19, 20, 21, 22, 23, 24, 25, 26, 27, 28, 29, 30, 31, 32, 33, 34, 36, 44], "summary": {"covered_lines": 25, "num_statements": 25, "percent_covered": 100.0, "percent_covered_display": "100", "missing_lines": 0, "excluded_lines": 0, "percent_statements_covered": 100.0, "percent_statements_covered_display": "100"}, "missing_lines": [], "excluded_lines": []}}, "classes": {"MtgjsonIdentifiersObject": {"executed_lines": [40, 41, 42], "summary": {"covered_lines": 3, "num_statements": 5, "percent_covered": 60.0, "percent_covered_display": "60", "missing_lines": 2, "excluded_lines": 0, "percent_statements_covered": 60.0, "percent_statements_covered_display": "60"}, "missing_lines": [45, 46], "excluded_lines": []}, "": {"executed_lines": [1, 5, 7, 10, 11, 15, 16, 17, 18, 19, 20, 21, 22, 23, 24, 25, 26, 27, 28, 29, 30, 31, 32, 33, 34, 36, 44], "summary": {"covered_lines": 25, "num_statements": 25, "percent_covered": 100.0, "percent_covered_display": "100", "missing_lines": 0, "excluded_lines": 0, "percent_statements_covered": 100.0, "percent_statements_covered_display": "100"}, "missing_lines": [], "excluded_lines": []}}}, "mtgjson5/classes/mtgjson_leadership_skills.py": {"executed_lines": [1, 5, 8, 9, 13, 14, 15, 17, 18, 19, 20], "summary": {"covered_lines": 9, "num_statements": 9, "percent_covered": 100.0, "percent_covered_display": "100", "missing_lines": 0, "excluded_lines": 0, "percent_statements_covered": 100.0, "percent_statements_covered_display": "100"}, "missing_lines": [], "excluded_lines": [], "functions": {"MtgjsonLeadershipSkillsObject.__init__": {"executed_lines": [18, 19, 20], "summary": {"covered_lines": 3, "num_statements": 3, "percent_covered": 100.0, "percent_covered_display": "100", "missing_lines": 0, "excluded_lines": 0, "percent_statements_covered": 100.0, "percent_statements_covered_display": "100"}, "missing_lines": [], "excluded_lines": []}, "": {"executed_lines": [1, 5, 8, 9, 13, 14, 15, 17], "summary": {"covered_lines": 6, "num_statements": 6, "percent_covered": 100.0, "percent_covered_display": "100", "missing_lines": 0, "excluded_lines": 0, "percent_statements_covered": 100.0, "percent_statements_covered_display": "100"}, "missing_lines": [], "excluded_lines": []}}, "classes": {"MtgjsonLeadershipSkillsObject": {"executed_lines": [18, 19, 20], "summary": {"covered_lines": 3, "num_statements": 3, "percent_covered": 100.0, "percent_covered_display": "100", "missing_lines": 0, "excluded_lines": 0, "percent_statements_covered": 100.0, "percent_statements_covered_display": "100"}, "missing_lines": [], "excluded_lines": []}, "": {"executed_lines": [1, 5, 8, 9, 13, 14, 15, 17], "summary": {"covered_lines": 6, "num_statements": 6, "percent_covered": 100.0, "percent_covered_display": "100", "missing_lines": 0, "excluded_lines": 0, "percent_statements_covered": 100.0, "percent_statements_covered_display": "100"}, "missing_lines": [], "excluded_lines": []}}}, "mtgjson5/classes/mtgjson_legalities.py": {"executed_lines": [1, 5, 8, 9, 13, 14, 15, 16, 17, 18, 19, 20, 21, 22, 23, 24], "summary": {"covered_lines": 14, "num_statements": 14, "percent_covered": 100.0, "percent_covered_display": "100", "missing_lines": 0, "excluded_lines": 0, "percent_statements_covered": 100.0, "percent_statements_covered_display": "100"}, "missing_lines": [], "excluded_lines": [], "functions": {"": {"executed_lines": [1, 5, 8, 9, 13, 14, 15, 16, 17, 18, 19, 20, 21, 22, 23, 24], "summary": {"covered_lines": 14, "num_statements": 14, "percent_covered": 100.0, "percent_covered_display": "100", "missing_lines": 0, "excluded_lines": 0, "percent_statements_covered": 100.0, "percent_statements_covered_display": "100"}, "missing_lines": [], "excluded_lines": []}}, "classes": {"MtgjsonLegalitiesObject": {"executed_lines": [], "summary": {"covered_lines": 0, "num_statements": 0, "percent_covered": 100.0, "percent_covered_display": "100", "missing_lines": 0, "excluded_lines": 0, "percent_statements_covered": 100.0, "percent_statements_covered_display": "100"}, "missing_lines": [], "excluded_lines": []}, "": {"executed_lines": [1, 5, 8, 9, 13, 14, 15, 16, 17, 18, 19, 20, 21, 22, 23, 24], "summary": {"covered_lines": 14, "num_statements": 14, "percent_covered": 100.0, "percent_covered_display": "100", "missing_lines": 0, "excluded_lines": 0, "percent_statements_covered": 100.0, "percent_statements_covered_display": "100"}, "missing_lines": [], "excluded_lines": []}}}, "mtgjson5/classes/mtgjson_meta.py": {"executed_lines": [1, 5, 6, 8, 9, 10, 13, 14, 18, 19, 21, 26, 27, 29, 30, 31, 32, 35], "summary": {"covered_lines": 16, "num_statements": 17, "percent_covered": 94.11764705882354, "percent_covered_display": "94", "missing_lines": 1, "excluded_lines": 0, "percent_statements_covered": 94.11764705882354, "percent_statements_covered_display": "94"}, "missing_lines": [33], "excluded_lines": [], "functions": {"MtgjsonMetaObject.__init__": {"executed_lines": [26, 27], "summary": {"covered_lines": 2, "num_statements": 2, "percent_covered": 100.0, "percent_covered_display": "100", "missing_lines": 0, "excluded_lines": 0, "percent_statements_covered": 100.0, "percent_statements_covered_display": "100"}, "missing_lines": [], "excluded_lines": []}, "MtgjsonMetaObject.to_json": {"executed_lines": [30, 31, 32, 35], "summary": {"covered_lines": 4, "num_statements": 5, "percent_covered": 80.0, "percent_covered_display": "80", "missing_lines": 1, "excluded_lines": 0, "percent_statements_covered": 80.0, "percent_statements_covered_display": "80"}, "missing_lines": [33], "excluded_lines": []}, "": {"executed_lines": [1, 5, 6, 8, 9, 10, 13, 14, 18, 19, 21, 29], "summary": {"covered_lines": 10, "num_statements": 10, "percent_covered": 100.0, "percent_covered_display": "100", "missing_lines": 0, "excluded_lines": 0, "percent_statements_covered": 100.0, "percent_statements_covered_display": "100"}, "missing_lines": [], "excluded_lines": []}}, "classes": {"MtgjsonMetaObject": {"executed_lines": [26, 27, 30, 31, 32, 35], "summary": {"covered_lines": 6, "num_statements": 7, "percent_covered": 85.71428571428571, "percent_covered_display": "86", "missing_lines": 1, "excluded_lines": 0, "percent_statements_covered": 85.71428571428571, "percent_statements_covered_display": "86"}, "missing_lines": [33], "excluded_lines": []}, "": {"executed_lines": [1, 5, 6, 8, 9, 10, 13, 14, 18, 19, 21, 29], "summary": {"covered_lines": 10, "num_statements": 10, "percent_covered": 100.0, "percent_covered_display": "100", "missing_lines": 0, "excluded_lines": 0, "percent_statements_covered": 100.0, "percent_statements_covered_display": "100"}, "missing_lines": [], "excluded_lines": []}}}, "mtgjson5/classes/mtgjson_prices.py": {"executed_lines": [1, 5, 6, 8, 11, 12, 16, 17, 18, 19, 20, 21, 22, 23, 24, 25, 27, 43, 44, 45, 46, 47, 48, 49, 50, 51, 52, 54, 59, 65, 70, 76, 77, 78, 79, 80, 81, 82, 83, 84, 85, 86, 87, 89], "summary": {"covered_lines": 42, "num_statements": 42, "percent_covered": 100.0, "percent_covered_display": "100", "missing_lines": 0, "excluded_lines": 0, "percent_statements_covered": 100.0, "percent_statements_covered_display": "100"}, "missing_lines": [], "excluded_lines": [], "functions": {"MtgjsonPricesObject.__init__": {"executed_lines": [43, 44, 45, 46, 47, 48, 49, 50, 51, 52], "summary": {"covered_lines": 10, "num_statements": 10, "percent_covered": 100.0, "percent_covered_display": "100", "missing_lines": 0, "excluded_lines": 0, "percent_statements_covered": 100.0, "percent_statements_covered_display": "100"}, "missing_lines": [], "excluded_lines": []}, "MtgjsonPricesObject.items": {"executed_lines": [59], "summary": {"covered_lines": 1, "num_statements": 1, "percent_covered": 100.0, "percent_covered_display": "100", "missing_lines": 0, "excluded_lines": 0, "percent_statements_covered": 100.0, "percent_statements_covered_display": "100"}, "missing_lines": [], "excluded_lines": []}, "MtgjsonPricesObject.to_json": {"executed_lines": [70, 76, 77, 78, 79, 80, 81, 82, 83, 84, 85, 86, 87, 89], "summary": {"covered_lines": 14, "num_statements": 14, "percent_covered": 100.0, "percent_covered_display": "100", "missing_lines": 0, "excluded_lines": 0, "percent_statements_covered": 100.0, "percent_statements_covered_display": "100"}, "missing_lines": [], "excluded_lines": []}, "": {"executed_lines": [1, 5, 6, 8, 11, 12, 16, 17, 18, 19, 20, 21, 22, 23, 24, 25, 27, 54, 65], "summary": {"covered_lines": 17, "num_statements": 17, "percent_covered": 100.0, "percent_covered_display": "100", "missing_lines": 0, "excluded_lines": 0, "percent_statements_covered": 100.0, "percent_statements_covered_display": "100"}, "missing_lines": [], "excluded_lines": []}}, "classes": {"MtgjsonPricesObject": {"executed_lines": [43, 44, 45, 46, 47, 48, 49, 50, 51, 52, 59, 70, 76, 77, 78, 79, 80, 81, 82, 83, 84, 85, 86, 87, 89], "summary": {"covered_lines": 25, "num_statements": 25, "percent_covered": 100.0, "percent_covered_display": "100", "missing_lines": 0, "excluded_lines": 0, "percent_statements_covered": 100.0, "percent_statements_covered_display": "100"}, "missing_lines": [], "excluded_lines": []}, "": {"executed_lines": [1, 5, 6, 8, 11, 12, 16, 17, 18, 19, 20, 21, 22, 23, 24, 25, 27, 54, 65], "summary": {"covered_lines": 17, "num_statements": 17, "percent_covered": 100.0, "percent_covered_display": "100", "missing_lines": 0, "excluded_lines": 0, "percent_statements_covered": 100.0, "percent_statements_covered_display": "100"}, "missing_lines": [], "excluded_lines": []}}}, "mtgjson5/classes/mtgjson_purchase_urls.py": {"executed_lines": [1, 5, 7, 10, 11, 15, 16, 17, 18, 19, 20, 22], "summary": {"covered_lines": 10, "num_statements": 15, "percent_covered": 66.66666666666667, "percent_covered_display": "67", "missing_lines": 5, "excluded_lines": 0, "percent_statements_covered": 66.66666666666667, "percent_statements_covered_display": "67"}, "missing_lines": [27, 29, 30, 31, 33], "excluded_lines": [], "functions": {"MtgjsonPurchaseUrlsObject.build_keys_to_skip": {"executed_lines": [], "summary": {"covered_lines": 0, "num_statements": 5, "percent_covered": 0.0, "percent_covered_display": "0", "missing_lines": 5, "excluded_lines": 0, "percent_statements_covered": 0.0, "percent_statements_covered_display": "0"}, "missing_lines": [27, 29, 30, 31, 33], "excluded_lines": []}, "": {"executed_lines": [1, 5, 7, 10, 11, 15, 16, 17, 18, 19, 20, 22], "summary": {"covered_lines": 10, "num_statements": 10, "percent_covered": 100.0, "percent_covered_display": "100", "missing_lines": 0, "excluded_lines": 0, "percent_statements_covered": 100.0, "percent_statements_covered_display": "100"}, "missing_lines": [], "excluded_lines": []}}, "classes": {"MtgjsonPurchaseUrlsObject": {"executed_lines": [], "summary": {"covered_lines": 0, "num_statements": 5, "percent_covered": 0.0, "percent_covered_display": "0", "missing_lines": 5, "excluded_lines": 0, "percent_statements_covered": 0.0, "percent_statements_covered_display": "0"}, "missing_lines": [27, 29, 30, 31, 33], "excluded_lines": []}, "": {"executed_lines": [1, 5, 7, 10, 11, 15, 16, 17, 18, 19, 20, 22], "summary": {"covered_lines": 10, "num_statements": 10, "percent_covered": 100.0, "percent_covered_display": "100", "missing_lines": 0, "excluded_lines": 0, "percent_statements_covered": 100.0, "percent_statements_covered_display": "100"}, "missing_lines": [], "excluded_lines": []}}}, "mtgjson5/classes/mtgjson_related_cards.py": {"executed_lines": [1, 5, 7, 10, 11, 15, 16, 18, 19, 20, 22, 27, 29], "summary": {"covered_lines": 11, "num_statements": 17, "percent_covered": 64.70588235294117, "percent_covered_display": "65", "missing_lines": 6, "excluded_lines": 0, "percent_statements_covered": 64.70588235294117, "percent_statements_covered_display": "65"}, "missing_lines": [30, 31, 32, 33, 34, 36], "excluded_lines": [], "functions": {"MtgjsonRelatedCardsObject.__init__": {"executed_lines": [19, 20], "summary": {"covered_lines": 2, "num_statements": 2, "percent_covered": 100.0, "percent_covered_display": "100", "missing_lines": 0, "excluded_lines": 0, "percent_statements_covered": 100.0, "percent_statements_covered_display": "100"}, "missing_lines": [], "excluded_lines": []}, "MtgjsonRelatedCardsObject.present": {"executed_lines": [27], "summary": {"covered_lines": 1, "num_statements": 1, "percent_covered": 100.0, "percent_covered_display": "100", "missing_lines": 0, "excluded_lines": 0, "percent_statements_covered": 100.0, "percent_statements_covered_display": "100"}, "missing_lines": [], "excluded_lines": []}, "MtgjsonRelatedCardsObject.build_keys_to_skip": {"executed_lines": [], "summary": {"covered_lines": 0, "num_statements": 6, "percent_covered": 0.0, "percent_covered_display": "0", "missing_lines": 6, "excluded_lines": 0, "percent_statements_covered": 0.0, "percent_statements_covered_display": "0"}, "missing_lines": [30, 31, 32, 33, 34, 36], "excluded_lines": []}, "": {"executed_lines": [1, 5, 7, 10, 11, 15, 16, 18, 22, 29], "summary": {"covered_lines": 8, "num_statements": 8, "percent_covered": 100.0, "percent_covered_display": "100", "missing_lines": 0, "excluded_lines": 0, "percent_statements_covered": 100.0, "percent_statements_covered_display": "100"}, "missing_lines": [], "excluded_lines": []}}, "classes": {"MtgjsonRelatedCardsObject": {"executed_lines": [19, 20, 27], "summary": {"covered_lines": 3, "num_statements": 9, "percent_covered": 33.333333333333336, "percent_covered_display": "33", "missing_lines": 6, "excluded_lines": 0, "percent_statements_covered": 33.333333333333336, "percent_statements_covered_display": "33"}, "missing_lines": [30, 31, 32, 33, 34, 36], "excluded_lines": []}, "": {"executed_lines": [1, 5, 7, 10, 11, 15, 16, 18, 22, 29], "summary": {"covered_lines": 8, "num_statements": 8, "percent_covered": 100.0, "percent_covered_display": "100", "missing_lines": 0, "excluded_lines": 0, "percent_statements_covered": 100.0, "percent_statements_covered_display": "100"}, "missing_lines": [], "excluded_lines": []}}}, "mtgjson5/classes/mtgjson_rulings.py": {"executed_lines": [1, 5, 8, 9, 13, 14, 16, 20, 21], "summary": {"covered_lines": 7, "num_statements": 7, "percent_covered": 100.0, "percent_covered_display": "100", "missing_lines": 0, "excluded_lines": 0, "percent_statements_covered": 100.0, "percent_statements_covered_display": "100"}, "missing_lines": [], "excluded_lines": [], "functions": {"MtgjsonRulingObject.__init__": {"executed_lines": [20, 21], "summary": {"covered_lines": 2, "num_statements": 2, "percent_covered": 100.0, "percent_covered_display": "100", "missing_lines": 0, "excluded_lines": 0, "percent_statements_covered": 100.0, "percent_statements_covered_display": "100"}, "missing_lines": [], "excluded_lines": []}, "": {"executed_lines": [1, 5, 8, 9, 13, 14, 16], "summary": {"covered_lines": 5, "num_statements": 5, "percent_covered": 100.0, "percent_covered_display": "100", "missing_lines": 0, "excluded_lines": 0, "percent_statements_covered": 100.0, "percent_statements_covered_display": "100"}, "missing_lines": [], "excluded_lines": []}}, "classes": {"MtgjsonRulingObject": {"executed_lines": [20, 21], "summary": {"covered_lines": 2, "num_statements": 2, "percent_covered": 100.0, "percent_covered_display": "100", "missing_lines": 0, "excluded_lines": 0, "percent_statements_covered": 100.0, "percent_statements_covered_display": "100"}, "missing_lines": [], "excluded_lines": []}, "": {"executed_lines": [1, 5, 8, 9, 13, 14, 16], "summary": {"covered_lines": 5, "num_statements": 5, "percent_covered": 100.0, "percent_covered_display": "100", "missing_lines": 0, "excluded_lines": 0, "percent_statements_covered": 100.0, "percent_statements_covered_display": "100"}, "missing_lines": [], "excluded_lines": []}}}, "mtgjson5/classes/mtgjson_sealed_product.py": {"executed_lines": [1, 5, 6, 8, 9, 10, 13, 14, 19, 22, 25, 28, 31, 34, 37, 40, 43, 46, 49, 52, 55, 58, 61, 62, 63, 64, 65, 66, 67, 69, 79, 80, 84, 88, 89, 90, 91, 92, 93, 94, 95, 96, 97, 98, 102, 103, 104, 105, 106, 107, 108, 109, 110, 111, 113, 114, 115, 116, 117, 120, 121, 122, 123, 124, 125, 126, 129, 130, 131, 134, 135, 138, 139, 140, 141, 142, 145, 146, 147, 148, 150, 160, 161, 165, 166, 167, 168, 169, 170, 171, 172, 173, 174, 175, 176, 178, 183, 186], "summary": {"covered_lines": 94, "num_statements": 106, "percent_covered": 88.67924528301887, "percent_covered_display": "89", "missing_lines": 12, "excluded_lines": 0, "percent_statements_covered": 88.67924528301887, "percent_statements_covered_display": "89"}, "missing_lines": [74, 75, 76, 155, 156, 157, 179, 180, 181, 184, 187, 188], "excluded_lines": [], "functions": {"MtgjsonSealedProductCategory.to_json": {"executed_lines": [], "summary": {"covered_lines": 0, "num_statements": 3, "percent_covered": 0.0, "percent_covered_display": "0", "missing_lines": 3, "excluded_lines": 0, "percent_statements_covered": 0.0, "percent_statements_covered_display": "0"}, "missing_lines": [74, 75, 76], "excluded_lines": []}, "MtgjsonSealedProductSubtype.to_json": {"executed_lines": [], "summary": {"covered_lines": 0, "num_statements": 3, "percent_covered": 0.0, "percent_covered_display": "0", "missing_lines": 3, "excluded_lines": 0, "percent_statements_covered": 0.0, "percent_statements_covered_display": "0"}, "missing_lines": [155, 156, 157], "excluded_lines": []}, "MtgjsonSealedProductObject.__init__": {"executed_lines": [], "summary": {"covered_lines": 0, "num_statements": 3, "percent_covered": 0.0, "percent_covered_display": "0", "missing_lines": 3, "excluded_lines": 0, "percent_statements_covered": 0.0, "percent_statements_covered_display": "0"}, "missing_lines": [179, 180, 181], "excluded_lines": []}, "MtgjsonSealedProductObject.build_keys_to_skip": {"executed_lines": [], "summary": {"covered_lines": 0, "num_statements": 1, "percent_covered": 0.0, "percent_covered_display": "0", "missing_lines": 1, "excluded_lines": 0, "percent_statements_covered": 0.0, "percent_statements_covered_display": "0"}, "missing_lines": [184], "excluded_lines": []}, "MtgjsonSealedProductObject.to_json": {"executed_lines": [], "summary": {"covered_lines": 0, "num_statements": 2, "percent_covered": 0.0, "percent_covered_display": "0", "missing_lines": 2, "excluded_lines": 0, "percent_statements_covered": 0.0, "percent_statements_covered_display": "0"}, "missing_lines": [187, 188], "excluded_lines": []}, "": {"executed_lines": [1, 5, 6, 8, 9, 10, 13, 14, 19, 22, 25, 28, 31, 34, 37, 40, 43, 46, 49, 52, 55, 58, 61, 62, 63, 64, 65, 66, 67, 69, 79, 80, 84, 88, 89, 90, 91, 92, 93, 94, 95, 96, 97, 98, 102, 103, 104, 105, 106, 107, 108, 109, 110, 111, 113, 114, 115, 116, 117, 120, 121, 122, 123, 124, 125, 126, 129, 130, 131, 134, 135, 138, 139, 140, 141, 142, 145, 146, 147, 148, 150, 160, 161, 165, 166, 167, 168, 169, 170, 171, 172, 173, 174, 175, 176, 178, 183, 186], "summary": {"covered_lines": 94, "num_statements": 94, "percent_covered": 100.0, "percent_covered_display": "100", "missing_lines": 0, "excluded_lines": 0, "percent_statements_covered": 100.0, "percent_statements_covered_display": "100"}, "missing_lines": [], "excluded_lines": []}}, "classes": {"MtgjsonSealedProductCategory": {"executed_lines": [], "summary": {"covered_lines": 0, "num_statements": 3, "percent_covered": 0.0, "percent_covered_display": "0", "missing_lines": 3, "excluded_lines": 0, "percent_statements_covered": 0.0, "percent_statements_covered_display": "0"}, "missing_lines": [74, 75, 76], "excluded_lines": []}, "MtgjsonSealedProductSubtype": {"executed_lines": [], "summary": {"covered_lines": 0, "num_statements": 3, "percent_covered": 0.0, "percent_covered_display": "0", "missing_lines": 3, "excluded_lines": 0, "percent_statements_covered": 0.0, "percent_statements_covered_display": "0"}, "missing_lines": [155, 156, 157], "excluded_lines": []}, "MtgjsonSealedProductObject": {"executed_lines": [], "summary": {"covered_lines": 0, "num_statements": 6, "percent_covered": 0.0, "percent_covered_display": "0", "missing_lines": 6, "excluded_lines": 0, "percent_statements_covered": 0.0, "percent_statements_covered_display": "0"}, "missing_lines": [179, 180, 181, 184, 187, 188], "excluded_lines": []}, "": {"executed_lines": [1, 5, 6, 8, 9, 10, 13, 14, 19, 22, 25, 28, 31, 34, 37, 40, 43, 46, 49, 52, 55, 58, 61, 62, 63, 64, 65, 66, 67, 69, 79, 80, 84, 88, 89, 90, 91, 92, 93, 94, 95, 96, 97, 98, 102, 103, 104, 105, 106, 107, 108, 109, 110, 111, 113, 114, 115, 116, 117, 120, 121, 122, 123, 124, 125, 126, 129, 130, 131, 134, 135, 138, 139, 140, 141, 142, 145, 146, 147, 148, 150, 160, 161, 165, 166, 167, 168, 169, 170, 171, 172, 173, 174, 175, 176, 178, 183, 186], "summary": {"covered_lines": 94, "num_statements": 94, "percent_covered": 100.0, "percent_covered_display": "100", "missing_lines": 0, "excluded_lines": 0, "percent_statements_covered": 100.0, "percent_statements_covered_display": "100"}, "missing_lines": [], "excluded_lines": []}}}, "mtgjson5/classes/mtgjson_set.py": {"executed_lines": [1, 5, 7, 8, 9, 10, 11, 12, 15, 16, 20, 21, 22, 23, 24, 25, 26, 27, 28, 29, 30, 31, 32, 33, 34, 35, 36, 37, 38, 39, 40, 41, 42, 43, 44, 45, 46, 47, 48, 50, 51, 53, 62, 70, 77, 95], "summary": {"covered_lines": 44, "num_statements": 57, "percent_covered": 77.19298245614036, "percent_covered_display": "77", "missing_lines": 13, "excluded_lines": 0, "percent_statements_covered": 77.19298245614036, "percent_statements_covered_display": "77"}, "missing_lines": [66, 67, 68, 75, 82, 88, 89, 90, 91, 93, 102, 103, 105], "excluded_lines": [], "functions": {"MtgjsonSetObject.__init__": {"executed_lines": [], "summary": {"covered_lines": 0, "num_statements": 3, "percent_covered": 0.0, "percent_covered_display": "0", "missing_lines": 3, "excluded_lines": 0, "percent_statements_covered": 0.0, "percent_statements_covered_display": "0"}, "missing_lines": [66, 67, 68], "excluded_lines": []}, "MtgjsonSetObject.__str__": {"executed_lines": [], "summary": {"covered_lines": 0, "num_statements": 1, "percent_covered": 0.0, "percent_covered_display": "0", "missing_lines": 1, "excluded_lines": 0, "percent_statements_covered": 0.0, "percent_statements_covered_display": "0"}, "missing_lines": [75], "excluded_lines": []}, "MtgjsonSetObject.build_keys_to_skip": {"executed_lines": [], "summary": {"covered_lines": 0, "num_statements": 6, "percent_covered": 0.0, "percent_covered_display": "0", "missing_lines": 6, "excluded_lines": 0, "percent_statements_covered": 0.0, "percent_statements_covered_display": "0"}, "missing_lines": [82, 88, 89, 90, 91, 93], "excluded_lines": []}, "MtgjsonSetObject.get_windows_safe_set_code": {"executed_lines": [], "summary": {"covered_lines": 0, "num_statements": 3, "percent_covered": 0.0, "percent_covered_display": "0", "missing_lines": 3, "excluded_lines": 0, "percent_statements_covered": 0.0, "percent_statements_covered_display": "0"}, "missing_lines": [102, 103, 105], "excluded_lines": []}, "": {"executed_lines": [1, 5, 7, 8, 9, 10, 11, 12, 15, 16, 20, 21, 22, 23, 24, 25, 26, 27, 28, 29, 30, 31, 32, 33, 34, 35, 36, 37, 38, 39, 40, 41, 42, 43, 44, 45, 46, 47, 48, 50, 51, 53, 62, 70, 77, 95], "summary": {"covered_lines": 44, "num_statements": 44, "percent_covered": 100.0, "percent_covered_display": "100", "missing_lines": 0, "excluded_lines": 0, "percent_statements_covered": 100.0, "percent_statements_covered_display": "100"}, "missing_lines": [], "excluded_lines": []}}, "classes": {"MtgjsonSetObject": {"executed_lines": [], "summary": {"covered_lines": 0, "num_statements": 13, "percent_covered": 0.0, "percent_covered_display": "0", "missing_lines": 13, "excluded_lines": 0, "percent_statements_covered": 0.0, "percent_statements_covered_display": "0"}, "missing_lines": [66, 67, 68, 75, 82, 88, 89, 90, 91, 93, 102, 103, 105], "excluded_lines": []}, "": {"executed_lines": [1, 5, 7, 8, 9, 10, 11, 12, 15, 16, 20, 21, 22, 23, 24, 25, 26, 27, 28, 29, 30, 31, 32, 33, 34, 35, 36, 37, 38, 39, 40, 41, 42, 43, 44, 45, 46, 47, 48, 50, 51, 53, 62, 70, 77, 95], "summary": {"covered_lines": 44, "num_statements": 44, "percent_covered": 100.0, "percent_covered_display": "100", "missing_lines": 0, "excluded_lines": 0, "percent_statements_covered": 100.0, "percent_statements_covered_display": "100"}, "missing_lines": [], "excluded_lines": []}}}, "mtgjson5/classes/mtgjson_translations.py": {"executed_lines": [1, 5, 7, 10, 11, 15, 16, 17, 18, 19, 20, 21, 22, 23, 24, 26, 44, 45, 55], "summary": {"covered_lines": 17, "num_statements": 33, "percent_covered": 51.515151515151516, "percent_covered_display": "52", "missing_lines": 16, "excluded_lines": 0, "percent_statements_covered": 51.515151515151516, "percent_statements_covered_display": "52"}, "missing_lines": [30, 31, 33, 34, 35, 36, 37, 38, 39, 40, 41, 42, 51, 52, 53, 56], "excluded_lines": [], "functions": {"MtgjsonTranslationsObject.__init__": {"executed_lines": [], "summary": {"covered_lines": 0, "num_statements": 12, "percent_covered": 0.0, "percent_covered_display": "0", "missing_lines": 12, "excluded_lines": 0, "percent_statements_covered": 0.0, "percent_statements_covered_display": "0"}, "missing_lines": [30, 31, 33, 34, 35, 36, 37, 38, 39, 40, 41, 42], "excluded_lines": []}, "MtgjsonTranslationsObject.parse_key": {"executed_lines": [], "summary": {"covered_lines": 0, "num_statements": 3, "percent_covered": 0.0, "percent_covered_display": "0", "missing_lines": 3, "excluded_lines": 0, "percent_statements_covered": 0.0, "percent_statements_covered_display": "0"}, "missing_lines": [51, 52, 53], "excluded_lines": []}, "MtgjsonTranslationsObject.to_json": {"executed_lines": [], "summary": {"covered_lines": 0, "num_statements": 1, "percent_covered": 0.0, "percent_covered_display": "0", "missing_lines": 1, "excluded_lines": 0, "percent_statements_covered": 0.0, "percent_statements_covered_display": "0"}, "missing_lines": [56], "excluded_lines": []}, "": {"executed_lines": [1, 5, 7, 10, 11, 15, 16, 17, 18, 19, 20, 21, 22, 23, 24, 26, 44, 45, 55], "summary": {"covered_lines": 17, "num_statements": 17, "percent_covered": 100.0, "percent_covered_display": "100", "missing_lines": 0, "excluded_lines": 0, "percent_statements_covered": 100.0, "percent_statements_covered_display": "100"}, "missing_lines": [], "excluded_lines": []}}, "classes": {"MtgjsonTranslationsObject": {"executed_lines": [], "summary": {"covered_lines": 0, "num_statements": 16, "percent_covered": 0.0, "percent_covered_display": "0", "missing_lines": 16, "excluded_lines": 0, "percent_statements_covered": 0.0, "percent_statements_covered_display": "0"}, "missing_lines": [30, 31, 33, 34, 35, 36, 37, 38, 39, 40, 41, 42, 51, 52, 53, 56], "excluded_lines": []}, "": {"executed_lines": [1, 5, 7, 10, 11, 15, 16, 17, 18, 19, 20, 21, 22, 23, 24, 26, 44, 45, 55], "summary": {"covered_lines": 17, "num_statements": 17, "percent_covered": 100.0, "percent_covered_display": "100", "missing_lines": 0, "excluded_lines": 0, "percent_statements_covered": 100.0, "percent_statements_covered_display": "100"}, "missing_lines": [], "excluded_lines": []}}}, "mtgjson5/compiled_classes/__init__.py": {"executed_lines": [1, 5, 6, 7, 8, 9, 10, 11, 12, 13, 14, 15], "summary": {"covered_lines": 11, "num_statements": 11, "percent_covered": 100.0, "percent_covered_display": "100", "missing_lines": 0, "excluded_lines": 0, "percent_statements_covered": 100.0, "percent_statements_covered_display": "100"}, "missing_lines": [], "excluded_lines": [], "functions": {"": {"executed_lines": [1, 5, 6, 7, 8, 9, 10, 11, 12, 13, 14, 15], "summary": {"covered_lines": 11, "num_statements": 11, "percent_covered": 100.0, "percent_covered_display": "100", "missing_lines": 0, "excluded_lines": 0, "percent_statements_covered": 100.0, "percent_statements_covered_display": "100"}, "missing_lines": [], "excluded_lines": []}}, "classes": {"": {"executed_lines": [1, 5, 6, 7, 8, 9, 10, 11, 12, 13, 14, 15], "summary": {"covered_lines": 11, "num_statements": 11, "percent_covered": 100.0, "percent_covered_display": "100", "missing_lines": 0, "excluded_lines": 0, "percent_statements_covered": 100.0, "percent_statements_covered_display": "100"}, "missing_lines": [], "excluded_lines": []}}}, "mtgjson5/compiled_classes/mtgjson_all_identifiers.py": {"executed_lines": [1, 5, 6, 8, 9, 11, 14, 15, 19, 21, 38], "summary": {"covered_lines": 9, "num_statements": 16, "percent_covered": 56.25, "percent_covered_display": "56", "missing_lines": 7, "excluded_lines": 0, "percent_statements_covered": 56.25, "percent_statements_covered_display": "56"}, "missing_lines": [25, 27, 28, 29, 34, 36, 43], "excluded_lines": [], "functions": {"MtgjsonAllIdentifiersObject.__init__": {"executed_lines": [], "summary": {"covered_lines": 0, "num_statements": 6, "percent_covered": 0.0, "percent_covered_display": "0", "missing_lines": 6, "excluded_lines": 0, "percent_statements_covered": 0.0, "percent_statements_covered_display": "0"}, "missing_lines": [25, 27, 28, 29, 34, 36], "excluded_lines": []}, "MtgjsonAllIdentifiersObject.to_json": {"executed_lines": [], "summary": {"covered_lines": 0, "num_statements": 1, "percent_covered": 0.0, "percent_covered_display": "0", "missing_lines": 1, "excluded_lines": 0, "percent_statements_covered": 0.0, "percent_statements_covered_display": "0"}, "missing_lines": [43], "excluded_lines": []}, "": {"executed_lines": [1, 5, 6, 8, 9, 11, 14, 15, 19, 21, 38], "summary": {"covered_lines": 9, "num_statements": 9, "percent_covered": 100.0, "percent_covered_display": "100", "missing_lines": 0, "excluded_lines": 0, "percent_statements_covered": 100.0, "percent_statements_covered_display": "100"}, "missing_lines": [], "excluded_lines": []}}, "classes": {"MtgjsonAllIdentifiersObject": {"executed_lines": [], "summary": {"covered_lines": 0, "num_statements": 7, "percent_covered": 0.0, "percent_covered_display": "0", "missing_lines": 7, "excluded_lines": 0, "percent_statements_covered": 0.0, "percent_statements_covered_display": "0"}, "missing_lines": [25, 27, 28, 29, 34, 36, 43], "excluded_lines": []}, "": {"executed_lines": [1, 5, 6, 8, 9, 11, 14, 15, 19, 21, 38], "summary": {"covered_lines": 9, "num_statements": 9, "percent_covered": 100.0, "percent_covered_display": "100", "missing_lines": 0, "excluded_lines": 0, "percent_statements_covered": 100.0, "percent_statements_covered_display": "100"}, "missing_lines": [], "excluded_lines": []}}}, "mtgjson5/compiled_classes/mtgjson_all_printings.py": {"executed_lines": [1, 5, 6, 7, 9, 10, 11, 12, 15, 16, 20, 22, 32, 49, 50, 62, 79], "summary": {"covered_lines": 15, "num_statements": 30, "percent_covered": 50.0, "percent_covered_display": "50", "missing_lines": 15, "excluded_lines": 0, "percent_statements_covered": 50.0, "percent_statements_covered_display": "50"}, "missing_lines": [26, 27, 30, 40, 41, 47, 56, 68, 69, 70, 73, 74, 75, 77, 84], "excluded_lines": [], "functions": {"MtgjsonAllPrintingsObject.__init__": {"executed_lines": [], "summary": {"covered_lines": 0, "num_statements": 3, "percent_covered": 0.0, "percent_covered_display": "0", "missing_lines": 3, "excluded_lines": 0, "percent_statements_covered": 0.0, "percent_statements_covered_display": "0"}, "missing_lines": [26, 27, 30], "excluded_lines": []}, "MtgjsonAllPrintingsObject.get_set_contents": {"executed_lines": [], "summary": {"covered_lines": 0, "num_statements": 3, "percent_covered": 0.0, "percent_covered_display": "0", "missing_lines": 3, "excluded_lines": 0, "percent_statements_covered": 0.0, "percent_statements_covered_display": "0"}, "missing_lines": [40, 41, 47], "excluded_lines": []}, "MtgjsonAllPrintingsObject.get_files_to_build": {"executed_lines": [], "summary": {"covered_lines": 0, "num_statements": 1, "percent_covered": 0.0, "percent_covered_display": "0", "missing_lines": 1, "excluded_lines": 0, "percent_statements_covered": 0.0, "percent_statements_covered_display": "0"}, "missing_lines": [56], "excluded_lines": []}, "MtgjsonAllPrintingsObject.iterate_all_sets": {"executed_lines": [], "summary": {"covered_lines": 0, "num_statements": 7, "percent_covered": 0.0, "percent_covered_display": "0", "missing_lines": 7, "excluded_lines": 0, "percent_statements_covered": 0.0, "percent_statements_covered_display": "0"}, "missing_lines": [68, 69, 70, 73, 74, 75, 77], "excluded_lines": []}, "MtgjsonAllPrintingsObject.to_json": {"executed_lines": [], "summary": {"covered_lines": 0, "num_statements": 1, "percent_covered": 0.0, "percent_covered_display": "0", "missing_lines": 1, "excluded_lines": 0, "percent_statements_covered": 0.0, "percent_statements_covered_display": "0"}, "missing_lines": [84], "excluded_lines": []}, "": {"executed_lines": [1, 5, 6, 7, 9, 10, 11, 12, 15, 16, 20, 22, 32, 49, 50, 62, 79], "summary": {"covered_lines": 15, "num_statements": 15, "percent_covered": 100.0, "percent_covered_display": "100", "missing_lines": 0, "excluded_lines": 0, "percent_statements_covered": 100.0, "percent_statements_covered_display": "100"}, "missing_lines": [], "excluded_lines": []}}, "classes": {"MtgjsonAllPrintingsObject": {"executed_lines": [], "summary": {"covered_lines": 0, "num_statements": 15, "percent_covered": 0.0, "percent_covered_display": "0", "missing_lines": 15, "excluded_lines": 0, "percent_statements_covered": 0.0, "percent_statements_covered_display": "0"}, "missing_lines": [26, 27, 30, 40, 41, 47, 56, 68, 69, 70, 73, 74, 75, 77, 84], "excluded_lines": []}, "": {"executed_lines": [1, 5, 6, 7, 9, 10, 11, 12, 15, 16, 20, 22, 32, 49, 50, 62, 79], "summary": {"covered_lines": 15, "num_statements": 15, "percent_covered": 100.0, "percent_covered_display": "100", "missing_lines": 0, "excluded_lines": 0, "percent_statements_covered": 100.0, "percent_statements_covered_display": "100"}, "missing_lines": [], "excluded_lines": []}}}, "mtgjson5/compiled_classes/mtgjson_atomic_cards.py": {"executed_lines": [1, 5, 6, 7, 8, 10, 11, 12, 13, 14, 17, 18, 22, 23, 25, 34, 81, 148], "summary": {"covered_lines": 16, "num_statements": 68, "percent_covered": 23.529411764705884, "percent_covered_display": "24", "missing_lines": 52, "excluded_lines": 0, "percent_statements_covered": 23.529411764705884, "percent_statements_covered_display": "24"}, "missing_lines": [29, 30, 45, 47, 48, 49, 51, 52, 53, 55, 56, 58, 61, 66, 67, 75, 77, 90, 91, 99, 100, 104, 105, 106, 107, 110, 111, 113, 114, 115, 117, 118, 119, 122, 123, 124, 125, 127, 129, 130, 132, 133, 137, 138, 139, 140, 141, 142, 144, 145, 146, 153], "excluded_lines": [], "functions": {"MtgjsonAtomicCardsObject.__init__": {"executed_lines": [], "summary": {"covered_lines": 0, "num_statements": 2, "percent_covered": 0.0, "percent_covered_display": "0", "missing_lines": 2, "excluded_lines": 0, "percent_statements_covered": 0.0, "percent_statements_covered_display": "0"}, "missing_lines": [29, 30], "excluded_lines": []}, "MtgjsonAtomicCardsObject.iterate_all_cards": {"executed_lines": [], "summary": {"covered_lines": 0, "num_statements": 15, "percent_covered": 0.0, "percent_covered_display": "0", "missing_lines": 15, "excluded_lines": 0, "percent_statements_covered": 0.0, "percent_statements_covered_display": "0"}, "missing_lines": [45, 47, 48, 49, 51, 52, 53, 55, 56, 58, 61, 66, 67, 75, 77], "excluded_lines": []}, "MtgjsonAtomicCardsObject.update_global_card_list": {"executed_lines": [], "summary": {"covered_lines": 0, "num_statements": 34, "percent_covered": 0.0, "percent_covered_display": "0", "missing_lines": 34, "excluded_lines": 0, "percent_statements_covered": 0.0, "percent_statements_covered_display": "0"}, "missing_lines": [90, 91, 99, 100, 104, 105, 106, 107, 110, 111, 113, 114, 115, 117, 118, 119, 122, 123, 124, 125, 127, 129, 130, 132, 133, 137, 138, 139, 140, 141, 142, 144, 145, 146], "excluded_lines": []}, "MtgjsonAtomicCardsObject.to_json": {"executed_lines": [], "summary": {"covered_lines": 0, "num_statements": 1, "percent_covered": 0.0, "percent_covered_display": "0", "missing_lines": 1, "excluded_lines": 0, "percent_statements_covered": 0.0, "percent_statements_covered_display": "0"}, "missing_lines": [153], "excluded_lines": []}, "": {"executed_lines": [1, 5, 6, 7, 8, 10, 11, 12, 13, 14, 17, 18, 22, 23, 25, 34, 81, 148], "summary": {"covered_lines": 16, "num_statements": 16, "percent_covered": 100.0, "percent_covered_display": "100", "missing_lines": 0, "excluded_lines": 0, "percent_statements_covered": 100.0, "percent_statements_covered_display": "100"}, "missing_lines": [], "excluded_lines": []}}, "classes": {"MtgjsonAtomicCardsObject": {"executed_lines": [], "summary": {"covered_lines": 0, "num_statements": 52, "percent_covered": 0.0, "percent_covered_display": "0", "missing_lines": 52, "excluded_lines": 0, "percent_statements_covered": 0.0, "percent_statements_covered_display": "0"}, "missing_lines": [29, 30, 45, 47, 48, 49, 51, 52, 53, 55, 56, 58, 61, 66, 67, 75, 77, 90, 91, 99, 100, 104, 105, 106, 107, 110, 111, 113, 114, 115, 117, 118, 119, 122, 123, 124, 125, 127, 129, 130, 132, 133, 137, 138, 139, 140, 141, 142, 144, 145, 146, 153], "excluded_lines": []}, "": {"executed_lines": [1, 5, 6, 7, 8, 10, 11, 12, 13, 14, 17, 18, 22, 23, 25, 34, 81, 148], "summary": {"covered_lines": 16, "num_statements": 16, "percent_covered": 100.0, "percent_covered_display": "100", "missing_lines": 0, "excluded_lines": 0, "percent_statements_covered": 100.0, "percent_statements_covered_display": "100"}, "missing_lines": [], "excluded_lines": []}}}, "mtgjson5/compiled_classes/mtgjson_card_types.py": {"executed_lines": [1, 5, 6, 7, 9, 10, 11, 12, 15, 16, 20, 21, 25, 26, 27, 28, 29, 30, 31, 32, 33, 34, 35, 36, 37, 38, 40, 64, 66, 82, 86], "summary": {"covered_lines": 28, "num_statements": 61, "percent_covered": 45.90163934426229, "percent_covered_display": "46", "missing_lines": 33, "excluded_lines": 0, "percent_statements_covered": 45.90163934426229, "percent_statements_covered_display": "46"}, "missing_lines": [45, 47, 48, 49, 50, 51, 52, 53, 54, 55, 56, 59, 60, 61, 62, 70, 72, 74, 76, 77, 79, 80, 83, 93, 94, 97, 100, 103, 104, 107, 109, 110, 112], "excluded_lines": [], "functions": {"MtgjsonCardTypesObject.MtgjsonCardTypesInnerObject.__init__": {"executed_lines": [], "summary": {"covered_lines": 0, "num_statements": 15, "percent_covered": 0.0, "percent_covered_display": "0", "missing_lines": 15, "excluded_lines": 0, "percent_statements_covered": 0.0, "percent_statements_covered_display": "0"}, "missing_lines": [45, 47, 48, 49, 50, 51, 52, 53, 54, 55, 56, 59, 60, 61, 62], "excluded_lines": []}, "MtgjsonCardTypesObject.__init__": {"executed_lines": [], "summary": {"covered_lines": 0, "num_statements": 7, "percent_covered": 0.0, "percent_covered_display": "0", "missing_lines": 7, "excluded_lines": 0, "percent_statements_covered": 0.0, "percent_statements_covered_display": "0"}, "missing_lines": [70, 72, 74, 76, 77, 79, 80], "excluded_lines": []}, "MtgjsonCardTypesObject.to_json": {"executed_lines": [], "summary": {"covered_lines": 0, "num_statements": 1, "percent_covered": 0.0, "percent_covered_display": "0", "missing_lines": 1, "excluded_lines": 0, "percent_statements_covered": 0.0, "percent_statements_covered_display": "0"}, "missing_lines": [83], "excluded_lines": []}, "regex_str_to_list": {"executed_lines": [], "summary": {"covered_lines": 0, "num_statements": 10, "percent_covered": 0.0, "percent_covered_display": "0", "missing_lines": 10, "excluded_lines": 0, "percent_statements_covered": 0.0, "percent_statements_covered_display": "0"}, "missing_lines": [93, 94, 97, 100, 103, 104, 107, 109, 110, 112], "excluded_lines": []}, "": {"executed_lines": [1, 5, 6, 7, 9, 10, 11, 12, 15, 16, 20, 21, 25, 26, 27, 28, 29, 30, 31, 32, 33, 34, 35, 36, 37, 38, 40, 64, 66, 82, 86], "summary": {"covered_lines": 28, "num_statements": 28, "percent_covered": 100.0, "percent_covered_display": "100", "missing_lines": 0, "excluded_lines": 0, "percent_statements_covered": 100.0, "percent_statements_covered_display": "100"}, "missing_lines": [], "excluded_lines": []}}, "classes": {"MtgjsonCardTypesObject": {"executed_lines": [], "summary": {"covered_lines": 0, "num_statements": 8, "percent_covered": 0.0, "percent_covered_display": "0", "missing_lines": 8, "excluded_lines": 0, "percent_statements_covered": 0.0, "percent_statements_covered_display": "0"}, "missing_lines": [70, 72, 74, 76, 77, 79, 80, 83], "excluded_lines": []}, "MtgjsonCardTypesObject.MtgjsonCardTypesInnerObject": {"executed_lines": [], "summary": {"covered_lines": 0, "num_statements": 15, "percent_covered": 0.0, "percent_covered_display": "0", "missing_lines": 15, "excluded_lines": 0, "percent_statements_covered": 0.0, "percent_statements_covered_display": "0"}, "missing_lines": [45, 47, 48, 49, 50, 51, 52, 53, 54, 55, 56, 59, 60, 61, 62], "excluded_lines": []}, "": {"executed_lines": [1, 5, 6, 7, 9, 10, 11, 12, 15, 16, 20, 21, 25, 26, 27, 28, 29, 30, 31, 32, 33, 34, 35, 36, 37, 38, 40, 64, 66, 82, 86], "summary": {"covered_lines": 28, "num_statements": 38, "percent_covered": 73.6842105263158, "percent_covered_display": "74", "missing_lines": 10, "excluded_lines": 0, "percent_statements_covered": 73.6842105263158, "percent_statements_covered_display": "74"}, "missing_lines": [93, 94, 97, 100, 103, 104, 107, 109, 110, 112], "excluded_lines": []}}}, "mtgjson5/compiled_classes/mtgjson_compiled_list.py": {"executed_lines": [1, 5, 7, 8, 11, 12, 16, 18, 24], "summary": {"covered_lines": 7, "num_statements": 9, "percent_covered": 77.77777777777777, "percent_covered_display": "78", "missing_lines": 2, "excluded_lines": 0, "percent_statements_covered": 77.77777777777777, "percent_statements_covered_display": "78"}, "missing_lines": [22, 29], "excluded_lines": [], "functions": {"MtgjsonCompiledListObject.__init__": {"executed_lines": [], "summary": {"covered_lines": 0, "num_statements": 1, "percent_covered": 0.0, "percent_covered_display": "0", "missing_lines": 1, "excluded_lines": 0, "percent_statements_covered": 0.0, "percent_statements_covered_display": "0"}, "missing_lines": [22], "excluded_lines": []}, "MtgjsonCompiledListObject.to_json": {"executed_lines": [], "summary": {"covered_lines": 0, "num_statements": 1, "percent_covered": 0.0, "percent_covered_display": "0", "missing_lines": 1, "excluded_lines": 0, "percent_statements_covered": 0.0, "percent_statements_covered_display": "0"}, "missing_lines": [29], "excluded_lines": []}, "": {"executed_lines": [1, 5, 7, 8, 11, 12, 16, 18, 24], "summary": {"covered_lines": 7, "num_statements": 7, "percent_covered": 100.0, "percent_covered_display": "100", "missing_lines": 0, "excluded_lines": 0, "percent_statements_covered": 100.0, "percent_statements_covered_display": "100"}, "missing_lines": [], "excluded_lines": []}}, "classes": {"MtgjsonCompiledListObject": {"executed_lines": [], "summary": {"covered_lines": 0, "num_statements": 2, "percent_covered": 0.0, "percent_covered_display": "0", "missing_lines": 2, "excluded_lines": 0, "percent_statements_covered": 0.0, "percent_statements_covered_display": "0"}, "missing_lines": [22, 29], "excluded_lines": []}, "": {"executed_lines": [1, 5, 7, 8, 11, 12, 16, 18, 24], "summary": {"covered_lines": 7, "num_statements": 7, "percent_covered": 100.0, "percent_covered_display": "100", "missing_lines": 0, "excluded_lines": 0, "percent_statements_covered": 100.0, "percent_statements_covered_display": "100"}, "missing_lines": [], "excluded_lines": []}}}, "mtgjson5/compiled_classes/mtgjson_deck_list.py": {"executed_lines": [1, 5, 7, 8, 11, 12, 16, 18, 24], "summary": {"covered_lines": 7, "num_statements": 9, "percent_covered": 77.77777777777777, "percent_covered_display": "78", "missing_lines": 2, "excluded_lines": 0, "percent_statements_covered": 77.77777777777777, "percent_statements_covered_display": "78"}, "missing_lines": [22, 29], "excluded_lines": [], "functions": {"MtgjsonDeckListObject.__init__": {"executed_lines": [], "summary": {"covered_lines": 0, "num_statements": 1, "percent_covered": 0.0, "percent_covered_display": "0", "missing_lines": 1, "excluded_lines": 0, "percent_statements_covered": 0.0, "percent_statements_covered_display": "0"}, "missing_lines": [22], "excluded_lines": []}, "MtgjsonDeckListObject.to_json": {"executed_lines": [], "summary": {"covered_lines": 0, "num_statements": 1, "percent_covered": 0.0, "percent_covered_display": "0", "missing_lines": 1, "excluded_lines": 0, "percent_statements_covered": 0.0, "percent_statements_covered_display": "0"}, "missing_lines": [29], "excluded_lines": []}, "": {"executed_lines": [1, 5, 7, 8, 11, 12, 16, 18, 24], "summary": {"covered_lines": 7, "num_statements": 7, "percent_covered": 100.0, "percent_covered_display": "100", "missing_lines": 0, "excluded_lines": 0, "percent_statements_covered": 100.0, "percent_statements_covered_display": "100"}, "missing_lines": [], "excluded_lines": []}}, "classes": {"MtgjsonDeckListObject": {"executed_lines": [], "summary": {"covered_lines": 0, "num_statements": 2, "percent_covered": 0.0, "percent_covered_display": "0", "missing_lines": 2, "excluded_lines": 0, "percent_statements_covered": 0.0, "percent_statements_covered_display": "0"}, "missing_lines": [22, 29], "excluded_lines": []}, "": {"executed_lines": [1, 5, 7, 8, 11, 12, 16, 18, 24], "summary": {"covered_lines": 7, "num_statements": 7, "percent_covered": 100.0, "percent_covered_display": "100", "missing_lines": 0, "excluded_lines": 0, "percent_statements_covered": 100.0, "percent_statements_covered_display": "100"}, "missing_lines": [], "excluded_lines": []}}}, "mtgjson5/compiled_classes/mtgjson_enum_values.py": {"executed_lines": [1, 5, 6, 7, 8, 10, 11, 12, 13, 14, 15, 17, 20, 21, 25, 27, 57, 59, 96, 118, 189], "summary": {"covered_lines": 19, "num_statements": 85, "percent_covered": 22.352941176470587, "percent_covered_display": "22", "missing_lines": 66, "excluded_lines": 0, "percent_statements_covered": 22.352941176470587, "percent_statements_covered_display": "22"}, "missing_lines": [63, 65, 68, 70, 71, 74, 77, 78, 80, 81, 82, 85, 102, 103, 104, 105, 106, 108, 109, 110, 112, 113, 114, 116, 126, 127, 128, 129, 130, 132, 133, 134, 135, 136, 137, 139, 140, 141, 144, 145, 147, 148, 150, 151, 153, 155, 158, 159, 160, 161, 164, 167, 168, 169, 170, 173, 174, 175, 177, 179, 180, 181, 184, 185, 187, 194], "excluded_lines": [], "functions": {"MtgjsonEnumValuesObject.__init__": {"executed_lines": [], "summary": {"covered_lines": 0, "num_statements": 12, "percent_covered": 0.0, "percent_covered_display": "0", "missing_lines": 12, "excluded_lines": 0, "percent_statements_covered": 0.0, "percent_statements_covered_display": "0"}, "missing_lines": [63, 65, 68, 70, 71, 74, 77, 78, 80, 81, 82, 85], "excluded_lines": []}, "MtgjsonEnumValuesObject.construct_deck_enums": {"executed_lines": [], "summary": {"covered_lines": 0, "num_statements": 12, "percent_covered": 0.0, "percent_covered_display": "0", "missing_lines": 12, "excluded_lines": 0, "percent_statements_covered": 0.0, "percent_statements_covered_display": "0"}, "missing_lines": [102, 103, 104, 105, 106, 108, 109, 110, 112, 113, 114, 116], "excluded_lines": []}, "MtgjsonEnumValuesObject.construct_set_and_card_enums": {"executed_lines": [], "summary": {"covered_lines": 0, "num_statements": 41, "percent_covered": 0.0, "percent_covered_display": "0", "missing_lines": 41, "excluded_lines": 0, "percent_statements_covered": 0.0, "percent_statements_covered_display": "0"}, "missing_lines": [126, 127, 128, 129, 130, 132, 133, 134, 135, 136, 137, 139, 140, 141, 144, 145, 147, 148, 150, 151, 153, 155, 158, 159, 160, 161, 164, 167, 168, 169, 170, 173, 174, 175, 177, 179, 180, 181, 184, 185, 187], "excluded_lines": []}, "MtgjsonEnumValuesObject.to_json": {"executed_lines": [], "summary": {"covered_lines": 0, "num_statements": 1, "percent_covered": 0.0, "percent_covered_display": "0", "missing_lines": 1, "excluded_lines": 0, "percent_statements_covered": 0.0, "percent_statements_covered_display": "0"}, "missing_lines": [194], "excluded_lines": []}, "": {"executed_lines": [1, 5, 6, 7, 8, 10, 11, 12, 13, 14, 15, 17, 20, 21, 25, 27, 57, 59, 96, 118, 189], "summary": {"covered_lines": 19, "num_statements": 19, "percent_covered": 100.0, "percent_covered_display": "100", "missing_lines": 0, "excluded_lines": 0, "percent_statements_covered": 100.0, "percent_statements_covered_display": "100"}, "missing_lines": [], "excluded_lines": []}}, "classes": {"MtgjsonEnumValuesObject": {"executed_lines": [], "summary": {"covered_lines": 0, "num_statements": 66, "percent_covered": 0.0, "percent_covered_display": "0", "missing_lines": 66, "excluded_lines": 0, "percent_statements_covered": 0.0, "percent_statements_covered_display": "0"}, "missing_lines": [63, 65, 68, 70, 71, 74, 77, 78, 80, 81, 82, 85, 102, 103, 104, 105, 106, 108, 109, 110, 112, 113, 114, 116, 126, 127, 128, 129, 130, 132, 133, 134, 135, 136, 137, 139, 140, 141, 144, 145, 147, 148, 150, 151, 153, 155, 158, 159, 160, 161, 164, 167, 168, 169, 170, 173, 174, 175, 177, 179, 180, 181, 184, 185, 187, 194], "excluded_lines": []}, "": {"executed_lines": [1, 5, 6, 7, 8, 10, 11, 12, 13, 14, 15, 17, 20, 21, 25, 27, 57, 59, 96, 118, 189], "summary": {"covered_lines": 19, "num_statements": 19, "percent_covered": 100.0, "percent_covered_display": "100", "missing_lines": 0, "excluded_lines": 0, "percent_statements_covered": 100.0, "percent_statements_covered_display": "100"}, "missing_lines": [], "excluded_lines": []}}}, "mtgjson5/compiled_classes/mtgjson_keywords.py": {"executed_lines": [1, 5, 7, 8, 11, 12, 16, 17, 18, 20], "summary": {"covered_lines": 8, "num_statements": 11, "percent_covered": 72.72727272727273, "percent_covered_display": "73", "missing_lines": 3, "excluded_lines": 0, "percent_statements_covered": 72.72727272727273, "percent_statements_covered_display": "73"}, "missing_lines": [24, 25, 26], "excluded_lines": [], "functions": {"MtgjsonKeywordsObject.__init__": {"executed_lines": [], "summary": {"covered_lines": 0, "num_statements": 3, "percent_covered": 0.0, "percent_covered_display": "0", "missing_lines": 3, "excluded_lines": 0, "percent_statements_covered": 0.0, "percent_statements_covered_display": "0"}, "missing_lines": [24, 25, 26], "excluded_lines": []}, "": {"executed_lines": [1, 5, 7, 8, 11, 12, 16, 17, 18, 20], "summary": {"covered_lines": 8, "num_statements": 8, "percent_covered": 100.0, "percent_covered_display": "100", "missing_lines": 0, "excluded_lines": 0, "percent_statements_covered": 100.0, "percent_statements_covered_display": "100"}, "missing_lines": [], "excluded_lines": []}}, "classes": {"MtgjsonKeywordsObject": {"executed_lines": [], "summary": {"covered_lines": 0, "num_statements": 3, "percent_covered": 0.0, "percent_covered_display": "0", "missing_lines": 3, "excluded_lines": 0, "percent_statements_covered": 0.0, "percent_statements_covered_display": "0"}, "missing_lines": [24, 25, 26], "excluded_lines": []}, "": {"executed_lines": [1, 5, 7, 8, 11, 12, 16, 17, 18, 20], "summary": {"covered_lines": 8, "num_statements": 8, "percent_covered": 100.0, "percent_covered_display": "100", "missing_lines": 0, "excluded_lines": 0, "percent_statements_covered": 100.0, "percent_statements_covered_display": "100"}, "missing_lines": [], "excluded_lines": []}}}, "mtgjson5/compiled_classes/mtgjson_set_list.py": {"executed_lines": [1, 5, 6, 8, 9, 10, 13, 14, 18, 20, 28, 29, 58], "summary": {"covered_lines": 11, "num_statements": 26, "percent_covered": 42.30769230769231, "percent_covered_display": "42", "missing_lines": 15, "excluded_lines": 0, "percent_statements_covered": 42.30769230769231, "percent_statements_covered_display": "42"}, "missing_lines": [24, 38, 40, 41, 42, 44, 45, 47, 48, 50, 51, 52, 54, 56, 63], "excluded_lines": [], "functions": {"MtgjsonSetListObject.__i
[...]
066, 1069, 1075, 1076, 1077, 1080, 1081, 1082, 1086, 1092, 1093, 1094, 1096, 1098, 1100, 1102, 1105, 1108, 1109, 1114, 1115, 1117, 1122, 1124, 1127, 1130, 1135, 1139, 1142, 1147, 1149, 1150, 1151, 1152, 1154, 1155, 1156, 1158, 1159, 1162, 1169, 1170, 1171, 1174, 1178, 1179, 1180, 1184, 1185, 1186, 1189, 1197, 1199, 1202, 1203, 1210, 1211, 1212, 1213, 1214, 1215, 1222, 1229, 1232, 1233, 1236, 1237, 1238, 1239, 1242, 1245, 1250, 1263, 1266, 1267, 1270, 1271, 1272, 1274, 1276], "summary": {"covered_lines": 196, "num_statements": 226, "percent_covered": 86.72566371681415, "percent_covered_display": "87", "missing_lines": 30, "excluded_lines": 0, "percent_statements_covered": 86.72566371681415, "percent_statements_covered_display": "87"}, "missing_lines": [818, 819, 820, 821, 866, 872, 875, 876, 913, 987, 1005, 1016, 1027, 1033, 1078, 1099, 1106, 1121, 1123, 1175, 1194, 1204, 1205, 1206, 1219, 1220, 1230, 1251, 1254, 1257], "excluded_lines": []}, "add_variations_and_alternative_fields": {"executed_lines": [], "summary": {"covered_lines": 0, "num_statements": 17, "percent_covered": 0.0, "percent_covered_display": "0", "missing_lines": 17, "excluded_lines": 0, "percent_statements_covered": 0.0, "percent_statements_covered_display": "0"}, "missing_lines": [1285, 1286, 1288, 1290, 1291, 1293, 1302, 1303, 1307, 1308, 1312, 1316, 1317, 1319, 1320, 1322, 1324], "excluded_lines": []}, "add_other_face_ids": {"executed_lines": [], "summary": {"covered_lines": 0, "num_statements": 19, "percent_covered": 0.0, "percent_covered_display": "0", "missing_lines": 19, "excluded_lines": 0, "percent_statements_covered": 0.0, "percent_statements_covered_display": "0"}, "missing_lines": [1334, 1335, 1337, 1338, 1340, 1341, 1342, 1343, 1344, 1346, 1347, 1349, 1351, 1352, 1353, 1355, 1356, 1359, 1360], "excluded_lines": []}, "link_same_card_different_details": {"executed_lines": [], "summary": {"covered_lines": 0, "num_statements": 12, "percent_covered": 0.0, "percent_covered_display": "0", "missing_lines": 12, "excluded_lines": 0, "percent_statements_covered": 0.0, "percent_statements_covered_display": "0"}, "missing_lines": [1370, 1371, 1373, 1374, 1375, 1376, 1378, 1381, 1382, 1385, 1387, 1388], "excluded_lines": []}, "add_card_kingdom_details": {"executed_lines": [], "summary": {"covered_lines": 0, "num_statements": 19, "percent_covered": 0.0, "percent_covered_display": "0", "missing_lines": 19, "excluded_lines": 0, "percent_statements_covered": 0.0, "percent_statements_covered_display": "0"}, "missing_lines": [1398, 1399, 1401, 1402, 1403, 1405, 1406, 1407, 1408, 1409, 1412, 1419, 1420, 1421, 1424, 1432, 1433, 1436, 1444], "excluded_lines": []}, "add_token_signatures": {"executed_lines": [], "summary": {"covered_lines": 0, "num_statements": 14, "percent_covered": 0.0, "percent_covered_display": "0", "missing_lines": 14, "excluded_lines": 0, "percent_statements_covered": 0.0, "percent_statements_covered_display": "0"}, "missing_lines": [1454, 1462, 1463, 1465, 1466, 1467, 1469, 1470, 1471, 1472, 1474, 1475, 1476, 1478], "excluded_lines": []}, "add_token_signatures.add_signature": {"executed_lines": [], "summary": {"covered_lines": 0, "num_statements": 3, "percent_covered": 0.0, "percent_covered_display": "0", "missing_lines": 3, "excluded_lines": 0, "percent_statements_covered": 0.0, "percent_statements_covered_display": "0"}, "missing_lines": [1458, 1459, 1460], "excluded_lines": []}, "add_multiverse_bridge_ids": {"executed_lines": [], "summary": {"covered_lines": 0, "num_statements": 12, "percent_covered": 0.0, "percent_covered_display": "0", "missing_lines": 12, "excluded_lines": 0, "percent_statements_covered": 0.0, "percent_statements_covered_display": "0"}, "missing_lines": [1486, 1487, 1488, 1489, 1490, 1493, 1495, 1498, 1503, 1504, 1505, 1511], "excluded_lines": []}, "add_mcm_details": {"executed_lines": [], "summary": {"covered_lines": 0, "num_statements": 40, "percent_covered": 0.0, "percent_covered_display": "0", "missing_lines": 40, "excluded_lines": 0, "percent_statements_covered": 0.0, "percent_statements_covered_display": "0"}, "missing_lines": [1523, 1524, 1526, 1527, 1528, 1530, 1531, 1534, 1536, 1538, 1541, 1543, 1544, 1546, 1547, 1549, 1550, 1555, 1558, 1559, 1560, 1561, 1562, 1563, 1565, 1566, 1567, 1569, 1570, 1572, 1573, 1575, 1576, 1577, 1579, 1582, 1583, 1585, 1587, 1594], "excluded_lines": []}, "get_base_and_total_set_sizes": {"executed_lines": [], "summary": {"covered_lines": 0, "num_statements": 17, "percent_covered": 0.0, "percent_covered_display": "0", "missing_lines": 17, "excluded_lines": 0, "percent_statements_covered": 0.0, "percent_statements_covered_display": "0"}, "missing_lines": [1604, 1607, 1609, 1611, 1613, 1618, 1619, 1620, 1621, 1622, 1623, 1626, 1633, 1634, 1638, 1640, 1643], "excluded_lines": []}, "get_signature_from_number": {"executed_lines": [], "summary": {"covered_lines": 0, "num_statements": 8, "percent_covered": 0.0, "percent_covered_display": "0", "missing_lines": 8, "excluded_lines": 0, "percent_statements_covered": 0.0, "percent_statements_covered_display": "0"}, "missing_lines": [1652, 1655, 1657, 1658, 1660, 1661, 1662, 1664], "excluded_lines": []}, "add_meld_face_parts": {"executed_lines": [], "summary": {"covered_lines": 0, "num_statements": 24, "percent_covered": 0.0, "percent_covered_display": "0", "missing_lines": 24, "excluded_lines": 0, "percent_statements_covered": 0.0, "percent_statements_covered_display": "0"}, "missing_lines": [1676, 1678, 1679, 1680, 1681, 1683, 1685, 1686, 1687, 1688, 1690, 1692, 1693, 1698, 1700, 1701, 1702, 1703, 1705, 1707, 1708, 1711, 1713, 1714], "excluded_lines": []}, "add_orientations": {"executed_lines": [], "summary": {"covered_lines": 0, "num_statements": 6, "percent_covered": 0.0, "percent_covered_display": "0", "missing_lines": 6, "excluded_lines": 0, "percent_statements_covered": 0.0, "percent_statements_covered_display": "0"}, "missing_lines": [1723, 1724, 1729, 1730, 1731, 1734], "excluded_lines": []}, "add_secret_lair_names": {"executed_lines": [], "summary": {"covered_lines": 0, "num_statements": 6, "percent_covered": 0.0, "percent_covered_display": "0", "missing_lines": 6, "excluded_lines": 0, "percent_statements_covered": 0.0, "percent_statements_covered_display": "0"}, "missing_lines": [1743, 1744, 1745, 1746, 1747, 1748], "excluded_lines": []}, "add_related_cards": {"executed_lines": [1760, 1762, 1771, 1778], "summary": {"covered_lines": 4, "num_statements": 15, "percent_covered": 26.666666666666668, "percent_covered_display": "27", "missing_lines": 11, "excluded_lines": 0, "percent_statements_covered": 26.666666666666668, "percent_statements_covered_display": "27"}, "missing_lines": [1763, 1764, 1765, 1766, 1767, 1768, 1769, 1772, 1773, 1774, 1779], "excluded_lines": []}, "add_card_products_to_cards": {"executed_lines": [], "summary": {"covered_lines": 0, "num_statements": 4, "percent_covered": 0.0, "percent_covered_display": "0", "missing_lines": 4, "excluded_lines": 0, "percent_statements_covered": 0.0, "percent_statements_covered_display": "0"}, "missing_lines": [1787, 1788, 1793, 1794], "excluded_lines": []}, "apply_manual_overrides": {"executed_lines": [], "summary": {"covered_lines": 0, "num_statements": 9, "percent_covered": 0.0, "percent_covered_display": "0", "missing_lines": 9, "excluded_lines": 0, "percent_statements_covered": 0.0, "percent_statements_covered_display": "0"}, "missing_lines": [1807, 1808, 1810, 1811, 1812, 1814, 1815, 1816, 1817], "excluded_lines": []}, "": {"executed_lines": [1, 5, 6, 7, 8, 9, 10, 11, 13, 14, 27, 28, 29, 47, 49, 52, 138, 183, 199, 216, 233, 261, 287, 301, 321, 347, 388, 414, 430, 444, 567, 579, 588, 610, 642, 673, 718, 752, 786, 800, 1279, 1327, 1363, 1393, 1447, 1481, 1518, 1597, 1646, 1667, 1717, 1737, 1751, 1782, 1801], "summary": {"covered_lines": 54, "num_statements": 54, "percent_covered": 100.0, "percent_covered_display": "100", "missing_lines": 0, "excluded_lines": 0, "percent_statements_covered": 100.0, "percent_statements_covered_display": "100"}, "missing_lines": [], "excluded_lines": []}}, "classes": {"": {"executed_lines": [1, 5, 6, 7, 8, 9, 10, 11, 13, 14, 27, 28, 29, 47, 49, 52, 63, 66, 68, 69, 73, 74, 79, 81, 82, 83, 87, 88, 91, 95, 97, 98, 99, 101, 103, 104, 111, 112, 113, 119, 120, 123, 128, 129, 130, 132, 133, 135, 138, 144, 145, 146, 149, 150, 152, 153, 154, 158, 159, 161, 162, 163, 164, 167, 169, 170, 171, 172, 174, 175, 176, 177, 178, 180, 183, 189, 191, 192, 193, 194, 196, 199, 216, 218, 219, 220, 221, 222, 224, 225, 226, 227, 228, 230, 233, 241, 243, 244, 246, 247, 249, 250, 251, 252, 253, 254, 256, 258, 261, 267, 269, 270, 272, 276, 277, 279, 280, 284, 287, 293, 294, 295, 296, 298, 301, 307, 308, 312, 314, 315, 316, 318, 321, 347, 388, 414, 430, 444, 567, 579, 588, 610, 642, 673, 680, 682, 705, 707, 712, 713, 718, 722, 724, 739, 749, 752, 760, 764, 766, 769, 776, 779, 780, 781, 783, 786, 792, 793, 800, 817, 823, 826, 829, 831, 832, 837, 838, 839, 841, 842, 843, 845, 846, 847, 852, 853, 854, 855, 863, 865, 874, 878, 879, 882, 886, 889, 895, 897, 900, 901, 902, 904, 905, 906, 907, 908, 910, 912, 915, 916, 920, 921, 922, 927, 928, 930, 933, 935, 936, 944, 945, 946, 947, 948, 950, 951, 952, 957, 958, 959, 960, 961, 964, 965, 966, 967, 968, 969, 972, 973, 974, 975, 976, 977, 980, 981, 982, 983, 989, 992, 995, 996, 999, 1000, 1003, 1004, 1008, 1014, 1015, 1018, 1019, 1020, 1021, 1022, 1023, 1024, 1026, 1028, 1035, 1036, 1039, 1040, 1043, 1046, 1047, 1048, 1051, 1052, 1054, 1059, 1060, 1061, 1063, 1064, 1065, 1066, 1069, 1075, 1076, 1077, 1080, 1081, 1082, 1086, 1092, 1093, 1094, 1096, 1098, 1100, 1102, 1105, 1108, 1109, 1114, 1115, 1117, 1122, 1124, 1127, 1130, 1135, 1139, 1142, 1147, 1149, 1150, 1151, 1152, 1154, 1155, 1156, 1158, 1159, 1162, 1169, 1170, 1171, 1174, 1178, 1179, 1180, 1184, 1185, 1186, 1189, 1197, 1199, 1202, 1203, 1210, 1211, 1212, 1213, 1214, 1215, 1222, 1229, 1232, 1233, 1236, 1237, 1238, 1239, 1242, 1245, 1250, 1263, 1266, 1267, 1270, 1271, 1272, 1274, 1276, 1279, 1327, 1363, 1393, 1447, 1481, 1518, 1597, 1646, 1667, 1717, 1737, 1751, 1760, 1762, 1771, 1778, 1782, 1801], "summary": {"covered_lines": 383, "num_statements": 788, "percent_covered": 48.60406091370558, "percent_covered_display": "49", "missing_lines": 405, "excluded_lines": 0, "percent_statements_covered": 48.60406091370558, "percent_statements_covered_display": "49"}, "missing_lines": [70, 71, 84, 85, 114, 117, 124, 205, 209, 210, 211, 213, 273, 274, 282, 309, 310, 329, 331, 332, 333, 335, 336, 337, 339, 340, 341, 342, 344, 354, 355, 358, 370, 381, 385, 396, 397, 398, 399, 401, 402, 403, 404, 405, 406, 407, 408, 410, 411, 420, 422, 425, 427, 436, 439, 441, 451, 454, 455, 458, 459, 462, 463, 464, 465, 466, 467, 468, 469, 470, 471, 472, 473, 474, 475, 480, 481, 482, 483, 488, 489, 492, 493, 494, 496, 497, 499, 500, 502, 503, 505, 506, 507, 509, 510, 513, 516, 517, 519, 520, 521, 523, 526, 527, 528, 530, 532, 534, 537, 538, 541, 542, 543, 545, 547, 549, 551, 553, 555, 556, 559, 560, 562, 564, 576, 584, 585, 593, 594, 595, 601, 604, 605, 624, 625, 626, 628, 636, 638, 639, 652, 653, 654, 656, 657, 658, 659, 661, 662, 668, 669, 670, 761, 762, 818, 819, 820, 821, 866, 872, 875, 876, 913, 987, 1005, 1016, 1027, 1033, 1078, 1099, 1106, 1121, 1123, 1175, 1194, 1204, 1205, 1206, 1219, 1220, 1230, 1251, 1254, 1257, 1285, 1286, 1288, 1290, 1291, 1293, 1302, 1303, 1307, 1308, 1312, 1316, 1317, 1319, 1320, 1322, 1324, 1334, 1335, 1337, 1338, 1340, 1341, 1342, 1343, 1344, 1346, 1347, 1349, 1351, 1352, 1353, 1355, 1356, 1359, 1360, 1370, 1371, 1373, 1374, 1375, 1376, 1378, 1381, 1382, 1385, 1387, 1388, 1398, 1399, 1401, 1402, 1403, 1405, 1406, 1407, 1408, 1409, 1412, 1419, 1420, 1421, 1424, 1432, 1433, 1436, 1444, 1454, 1458, 1459, 1460, 1462, 1463, 1465, 1466, 1467, 1469, 1470, 1471, 1472, 1474, 1475, 1476, 1478, 1486, 1487, 1488, 1489, 1490, 1493, 1495, 1498, 1503, 1504, 1505, 1511, 1523, 1524, 1526, 1527, 1528, 1530, 1531, 1534, 1536, 1538, 1541, 1543, 1544, 1546, 1547, 1549, 1550, 1555, 1558, 1559, 1560, 1561, 1562, 1563, 1565, 1566, 1567, 1569, 1570, 1572, 1573, 1575, 1576, 1577, 1579, 1582, 1583, 1585, 1587, 1594, 1604, 1607, 1609, 1611, 1613, 1618, 1619, 1620, 1621, 1622, 1623, 1626, 1633, 1634, 1638, 1640, 1643, 1652, 1655, 1657, 1658, 1660, 1661, 1662, 1664, 1676, 1678, 1679, 1680, 1681, 1683, 1685, 1686, 1687, 1688, 1690, 1692, 1693, 1698, 1700, 1701, 1702, 1703, 1705, 1707, 1708, 1711, 1713, 1714, 1723, 1724, 1729, 1730, 1731, 1734, 1743, 1744, 1745, 1746, 1747, 1748, 1763, 1764, 1765, 1766, 1767, 1768, 1769, 1772, 1773, 1774, 1779, 1787, 1788, 1793, 1794, 1807, 1808, 1810, 1811, 1812, 1814, 1815, 1816, 1817], "excluded_lines": []}}}, "mtgjson5/utils.py": {"executed_lines": [1, 5, 6, 7, 8, 9, 10, 11, 12, 14, 15, 17, 18, 20, 23, 48, 55, 56, 59, 65, 66, 69, 80, 100, 115, 122, 127, 129, 130, 131, 132, 133, 134, 136, 139, 146, 147, 149, 152, 192, 201, 202, 203, 208, 209, 212, 221, 222, 226, 227, 229, 232, 247, 249, 250, 251, 252, 253, 255, 256, 257, 259, 260, 261, 263, 264, 265, 267, 270, 281], "summary": {"covered_lines": 69, "num_statements": 107, "percent_covered": 64.48598130841121, "percent_covered_display": "64", "missing_lines": 38, "excluded_lines": 0, "percent_statements_covered": 64.48598130841121, "percent_statements_covered_display": "64"}, "missing_lines": [27, 29, 31, 45, 75, 91, 92, 95, 97, 106, 107, 108, 109, 110, 112, 123, 124, 160, 161, 162, 164, 165, 169, 170, 171, 173, 174, 175, 185, 186, 187, 189, 223, 224, 274, 277, 278, 285], "excluded_lines": [], "functions": {"init_logger": {"executed_lines": [], "summary": {"covered_lines": 0, "num_statements": 4, "percent_covered": 0.0, "percent_covered_display": "0", "missing_lines": 4, "excluded_lines": 0, "percent_statements_covered": 0.0, "percent_statements_covered_display": "0"}, "missing_lines": [27, 29, 31, 45], "excluded_lines": []}, "url_keygen": {"executed_lines": [55, 56], "summary": {"covered_lines": 2, "num_statements": 2, "percent_covered": 100.0, "percent_covered_display": "100", "missing_lines": 0, "excluded_lines": 0, "percent_statements_covered": 100.0, "percent_statements_covered_display": "100"}, "missing_lines": [], "excluded_lines": []}, "to_camel_case": {"executed_lines": [65, 66], "summary": {"covered_lines": 2, "num_statements": 2, "percent_covered": 100.0, "percent_covered_display": "100", "missing_lines": 0, "excluded_lines": 0, "percent_statements_covered": 100.0, "percent_statements_covered_display": "100"}, "missing_lines": [], "excluded_lines": []}, "to_snake_case": {"executed_lines": [], "summary": {"covered_lines": 0, "num_statements": 1, "percent_covered": 0.0, "percent_covered_display": "0", "missing_lines": 1, "excluded_lines": 0, "percent_statements_covered": 0.0, "percent_statements_covered_display": "0"}, "missing_lines": [75], "excluded_lines": []}, "parse_magic_rules_subset": {"executed_lines": [], "summary": {"covered_lines": 0, "num_statements": 4, "percent_covered": 0.0, "percent_covered_display": "0", "missing_lines": 4, "excluded_lines": 0, "percent_statements_covered": 0.0, "percent_statements_covered_display": "0"}, "missing_lines": [91, 92, 95, 97], "excluded_lines": []}, "sort_internal_lists": {"executed_lines": [], "summary": {"covered_lines": 0, "num_statements": 6, "percent_covered": 0.0, "percent_covered_display": "0", "missing_lines": 6, "excluded_lines": 0, "percent_statements_covered": 0.0, "percent_statements_covered_display": "0"}, "missing_lines": [106, 107, 108, 109, 110, 112], "excluded_lines": []}, "get_file_hash": {"executed_lines": [122, 127, 129, 130, 131, 132, 133, 134, 136], "summary": {"covered_lines": 9, "num_statements": 11, "percent_covered": 81.81818181818181, "percent_covered_display": "82", "missing_lines": 2, "excluded_lines": 0, "percent_statements_covered": 81.81818181818181, "percent_statements_covered_display": "82"}, "missing_lines": [123, 124], "excluded_lines": []}, "get_str_or_none": {"executed_lines": [146, 147, 149], "summary": {"covered_lines": 3, "num_statements": 3, "percent_covered": 100.0, "percent_covered_display": "100", "missing_lines": 0, "excluded_lines": 0, "percent_statements_covered": 100.0, "percent_statements_covered_display": "100"}, "missing_lines": [], "excluded_lines": []}, "send_push_notification": {"executed_lines": [], "summary": {"covered_lines": 0, "num_statements": 15, "percent_covered": 0.0, "percent_covered_display": "0", "missing_lines": 15, "excluded_lines": 0, "percent_statements_covered": 0.0, "percent_statements_covered_display": "0"}, "missing_lines": [160, 161, 162, 164, 165, 169, 170, 171, 173, 174, 175, 185, 186, 187, 189], "excluded_lines": []}, "get_all_entities_from_content": {"executed_lines": [201, 202, 203, 208, 209], "summary": {"covered_lines": 5, "num_statements": 5, "percent_covered": 100.0, "percent_covered_display": "100", "missing_lines": 0, "excluded_lines": 0, "percent_statements_covered": 100.0, "percent_statements_covered_display": "100"}, "missing_lines": [], "excluded_lines": []}, "get_all_entities": {"executed_lines": [221, 222, 226, 227, 229], "summary": {"covered_lines": 5, "num_statements": 7, "percent_covered": 71.42857142857143, "percent_covered_display": "71", "missing_lines": 2, "excluded_lines": 0, "percent_statements_covered": 71.42857142857143, "percent_statements_covered_display": "71"}, "missing_lines": [223, 224], "excluded_lines": []}, "generate_entity_mapping": {"executed_lines": [247, 249, 250, 251, 252, 253, 255, 256, 257, 259, 260, 261, 263, 264, 265, 267], "summary": {"covered_lines": 16, "num_statements": 16, "percent_covered": 100.0, "percent_covered_display": "100", "missing_lines": 0, "excluded_lines": 0, "percent_statements_covered": 100.0, "percent_statements_covered_display": "100"}, "missing_lines": [], "excluded_lines": []}, "load_local_set_data": {"executed_lines": [], "summary": {"covered_lines": 0, "num_statements": 3, "percent_covered": 0.0, "percent_covered_display": "0", "missing_lines": 3, "excluded_lines": 0, "percent_statements_covered": 0.0, "percent_statements_covered_display": "0"}, "missing_lines": [274, 277, 278], "excluded_lines": []}, "recursive_sort": {"executed_lines": [], "summary": {"covered_lines": 0, "num_statements": 1, "percent_covered": 0.0, "percent_covered_display": "0", "missing_lines": 1, "excluded_lines": 0, "percent_statements_covered": 0.0, "percent_statements_covered_display": "0"}, "missing_lines": [285], "excluded_lines": []}, "": {"executed_lines": [1, 5, 6, 7, 8, 9, 10, 11, 12, 14, 15, 17, 18, 20, 23, 48, 59, 69, 80, 100, 115, 139, 152, 192, 212, 232, 270, 281], "summary": {"covered_lines": 27, "num_statements": 27, "percent_covered": 100.0, "percent_covered_display": "100", "missing_lines": 0, "excluded_lines": 0, "percent_statements_covered": 100.0, "percent_statements_covered_display": "100"}, "missing_lines": [], "excluded_lines": []}}, "classes": {"": {"executed_lines": [1, 5, 6, 7, 8, 9, 10, 11, 12, 14, 15, 17, 18, 20, 23, 48, 55, 56, 59, 65, 66, 69, 80, 100, 115, 122, 127, 129, 130, 131, 132, 133, 134, 136, 139, 146, 147, 149, 152, 192, 201, 202, 203, 208, 209, 212, 221, 222, 226, 227, 229, 232, 247, 249, 250, 251, 252, 253, 255, 256, 257, 259, 260, 261, 263, 264, 265, 267, 270, 281], "summary": {"covered_lines": 69, "num_statements": 107, "percent_covered": 64.48598130841121, "percent_covered_display": "64", "missing_lines": 38, "excluded_lines": 0, "percent_statements_covered": 64.48598130841121, "percent_statements_covered_display": "64"}, "missing_lines": [27, 29, 31, 45, 75, 91, 92, 95, 97, 106, 107, 108, 109, 110, 112, 123, 124, 160, 161, 162, 164, 165, 169, 170, 171, 173, 174, 175, 185, 186, 187, 189, 223, 224, 274, 277, 278, 285], "excluded_lines": []}}}}, "totals": {"covered_lines": 2290, "num_statements": 3967, "percent_covered": 57.72624149231157, "percent_covered_display": "58", "missing_lines": 1677, "excluded_lines": 0, "percent_statements_covered": 57.72624149231157, "percent_statements_covered_display": "58"}}